{"/home/t/klposter/backend/src/index.ts": {"path":"/home/t/klposter/backend/src/index.ts","statementMap":{"0":{"start":{"line":1,"column":0},"end":{"line":1,"column":30}},"1":{"start":{"line":2,"column":0},"end":{"line":2,"column":24}},"2":{"start":{"line":3,"column":0},"end":{"line":3,"column":28}},"3":{"start":{"line":4,"column":0},"end":{"line":4,"column":28}},"4":{"start":{"line":5,"column":0},"end":{"line":5,"column":38}},"5":{"start":{"line":6,"column":0},"end":{"line":6,"column":32}},"6":{"start":{"line":7,"column":0},"end":{"line":7,"column":28}},"7":{"start":{"line":8,"column":0},"end":{"line":8,"column":40}},"8":{"start":{"line":9,"column":0},"end":{"line":9,"column":50}},"9":{"start":{"line":10,"column":0},"end":{"line":10,"column":50}},"10":{"start":{"line":11,"column":0},"end":{"line":11,"column":46}},"11":{"start":{"line":12,"column":0},"end":{"line":12,"column":59}},"12":{"start":{"line":13,"column":0},"end":{"line":13,"column":48}},"13":{"start":{"line":14,"column":0},"end":{"line":14,"column":58}},"14":{"start":{"line":15,"column":0},"end":{"line":15,"column":61}},"15":{"start":{"line":16,"column":0},"end":{"line":16,"column":45}},"16":{"start":{"line":19,"column":0},"end":{"line":19,"column":16}},"17":{"start":{"line":22,"column":12},"end":{"line":22,"column":21}},"18":{"start":{"line":23,"column":13},"end":{"line":23,"column":37}},"19":{"start":{"line":26,"column":0},"end":{"line":81,"column":5}},"20":{"start":{"line":29,"column":4},"end":{"line":29,"column":22}},"21":{"start":{"line":30,"column":4},"end":{"line":35,"column":8}},"22":{"start":{"line":36,"column":4},"end":{"line":36,"column":27}},"23":{"start":{"line":37,"column":4},"end":{"line":37,"column":28}},"24":{"start":{"line":38,"column":4},"end":{"line":38,"column":52}},"25":{"start":{"line":41,"column":4},"end":{"line":49,"column":8}},"26":{"start":{"line":52,"column":4},"end":{"line":52,"column":35}},"27":{"start":{"line":53,"column":4},"end":{"line":53,"column":32}},"28":{"start":{"line":54,"column":4},"end":{"line":54,"column":20}},"29":{"start":{"line":57,"column":4},"end":{"line":57,"column":37}},"30":{"start":{"line":58,"column":4},"end":{"line":58,"column":38}},"31":{"start":{"line":59,"column":4},"end":{"line":59,"column":42}},"32":{"start":{"line":60,"column":4},"end":{"line":60,"column":40}},"33":{"start":{"line":63,"column":4},"end":{"line":65,"column":7}},"34":{"start":{"line":64,"column":6},"end":{"line":64,"column":82}},"35":{"start":{"line":68,"column":4},"end":{"line":68,"column":26}},"36":{"start":{"line":71,"column":4},"end":{"line":71,"column":20}},"37":{"start":{"line":74,"column":4},"end":{"line":76,"column":7}},"38":{"start":{"line":75,"column":6},"end":{"line":75,"column":52}},"39":{"start":{"line":79,"column":4},"end":{"line":79,"column":51}},"40":{"start":{"line":80,"column":4},"end":{"line":80,"column":20}},"41":{"start":{"line":83,"column":0},"end":{"line":83,"column":19}}},"fnMap":{"0":{"name":"(anonymous_1)","decl":{"start":{"line":27,"column":8},"end":{"line":27,"column":11}},"loc":{"start":{"line":27,"column":13},"end":{"line":77,"column":3}}},"1":{"name":"(anonymous_2)","decl":{"start":{"line":63,"column":27},"end":{"line":63,"column":28}},"loc":{"start":{"line":63,"column":75},"end":{"line":65,"column":5}}},"2":{"name":"(anonymous_3)","decl":{"start":{"line":74,"column":21},"end":{"line":74,"column":24}},"loc":{"start":{"line":74,"column":26},"end":{"line":76,"column":5}}},"3":{"name":"(anonymous_4)","decl":{"start":{"line":78,"column":9},"end":{"line":78,"column":10}},"loc":{"start":{"line":78,"column":19},"end":{"line":81,"column":3}}}},"branchMap":{"0":{"loc":{"start":{"line":23,"column":13},"end":{"line":23,"column":37}},"type":"binary-expr","locations":[{"start":{"line":23,"column":13},"end":{"line":23,"column":29}},{"start":{"line":23,"column":33},"end":{"line":23,"column":37}}]},"1":{"loc":{"start":{"line":31,"column":14},"end":{"line":33,"column":33}},"type":"cond-expr","locations":[{"start":{"line":32,"column":10},"end":{"line":32,"column":34}},{"start":{"line":33,"column":10},"end":{"line":33,"column":33}}]},"2":{"loc":{"start":{"line":42,"column":14},"end":{"line":42,"column":56}},"type":"binary-expr","locations":[{"start":{"line":42,"column":14},"end":{"line":42,"column":40}},{"start":{"line":42,"column":44},"end":{"line":42,"column":56}}]}},"s":{"0":0,"1":0,"2":0,"3":0,"4":0,"5":0,"6":0,"7":0,"8":0,"9":0,"10":0,"11":0,"12":0,"13":0,"14":0,"15":0,"16":0,"17":0,"18":0,"19":0,"20":0,"21":0,"22":0,"23":0,"24":0,"25":0,"26":0,"27":0,"28":0,"29":0,"30":0,"31":0,"32":0,"33":0,"34":0,"35":0,"36":0,"37":0,"38":0,"39":0,"40":0,"41":0},"f":{"0":0,"1":0,"2":0,"3":0},"b":{"0":[0,0],"1":[0,0],"2":[0,0]}}
,"/home/t/klposter/backend/src/test-server.ts": {"path":"/home/t/klposter/backend/src/test-server.ts","statementMap":{"0":{"start":{"line":1,"column":0},"end":{"line":1,"column":30}},"1":{"start":{"line":2,"column":0},"end":{"line":2,"column":40}},"2":{"start":{"line":3,"column":0},"end":{"line":3,"column":38}},"3":{"start":{"line":6,"column":12},"end":{"line":6,"column":21}},"4":{"start":{"line":7,"column":13},"end":{"line":7,"column":37}},"5":{"start":{"line":10,"column":0},"end":{"line":30,"column":5}},"6":{"start":{"line":13,"column":4},"end":{"line":19,"column":7}},"7":{"start":{"line":14,"column":6},"end":{"line":18,"column":9}},"8":{"start":{"line":22,"column":4},"end":{"line":25,"column":7}},"9":{"start":{"line":23,"column":6},"end":{"line":23,"column":57}},"10":{"start":{"line":24,"column":6},"end":{"line":24,"column":76}},"11":{"start":{"line":28,"column":4},"end":{"line":28,"column":56}},"12":{"start":{"line":29,"column":4},"end":{"line":29,"column":20}}},"fnMap":{"0":{"name":"(anonymous_1)","decl":{"start":{"line":11,"column":8},"end":{"line":11,"column":11}},"loc":{"start":{"line":11,"column":13},"end":{"line":26,"column":3}}},"1":{"name":"(anonymous_2)","decl":{"start":{"line":13,"column":27},"end":{"line":13,"column":28}},"loc":{"start":{"line":13,"column":75},"end":{"line":19,"column":5}}},"2":{"name":"(anonymous_3)","decl":{"start":{"line":22,"column":21},"end":{"line":22,"column":24}},"loc":{"start":{"line":22,"column":26},"end":{"line":25,"column":5}}},"3":{"name":"(anonymous_4)","decl":{"start":{"line":27,"column":9},"end":{"line":27,"column":10}},"loc":{"start":{"line":27,"column":19},"end":{"line":30,"column":3}}}},"branchMap":{"0":{"loc":{"start":{"line":7,"column":13},"end":{"line":7,"column":37}},"type":"binary-expr","locations":[{"start":{"line":7,"column":13},"end":{"line":7,"column":29}},{"start":{"line":7,"column":33},"end":{"line":7,"column":37}}]}},"s":{"0":0,"1":0,"2":0,"3":0,"4":0,"5":0,"6":0,"7":0,"8":0,"9":0,"10":0,"11":0,"12":0},"f":{"0":0,"1":0,"2":0,"3":0},"b":{"0":[0,0]}}
,"/home/t/klposter/backend/src/config/auth.ts": {"path":"/home/t/klposter/backend/src/config/auth.ts","statementMap":{"0":{"start":{"line":1,"column":0},"end":{"line":1,"column":63}},"1":{"start":{"line":2,"column":0},"end":{"line":2,"column":32}},"2":{"start":{"line":3,"column":0},"end":{"line":3,"column":27}},"3":{"start":{"line":4,"column":0},"end":{"line":4,"column":37}},"4":{"start":{"line":5,"column":0},"end":{"line":5,"column":33}},"5":{"start":{"line":22,"column":34},"end":{"line":93,"column":1}},"6":{"start":{"line":24,"column":2},"end":{"line":26,"column":5}},"7":{"start":{"line":25,"column":4},"end":{"line":25,"column":24}},"8":{"start":{"line":29,"column":2},"end":{"line":36,"column":5}},"9":{"start":{"line":30,"column":4},"end":{"line":35,"column":5}},"10":{"start":{"line":31,"column":19},"end":{"line":31,"column":78}},"11":{"start":{"line":32,"column":6},"end":{"line":32,"column":23}},"12":{"start":{"line":34,"column":6},"end":{"line":34,"column":24}},"13":{"start":{"line":39,"column":2},"end":{"line":92,"column":4}},"14":{"start":{"line":48,"column":8},"end":{"line":89,"column":9}},"15":{"start":{"line":50,"column":21},"end":{"line":50,"column":95}},"16":{"start":{"line":52,"column":10},"end":{"line":84,"column":11}},"17":{"start":{"line":54,"column":28},"end":{"line":64,"column":14}},"18":{"start":{"line":66,"column":12},"end":{"line":66,"column":51}},"19":{"start":{"line":67,"column":12},"end":{"line":67,"column":27}},"20":{"start":{"line":70,"column":32},"end":{"line":77,"column":14}},"21":{"start":{"line":79,"column":12},"end":{"line":81,"column":54}},"22":{"start":{"line":83,"column":12},"end":{"line":83,"column":47}},"23":{"start":{"line":86,"column":10},"end":{"line":86,"column":34}},"24":{"start":{"line":88,"column":10},"end":{"line":88,"column":49}},"25":{"start":{"line":22,"column":13},"end":{"line":22,"column":34}}},"fnMap":{"0":{"name":"(anonymous_1)","decl":{"start":{"line":22,"column":34},"end":{"line":22,"column":37}},"loc":{"start":{"line":22,"column":39},"end":{"line":93,"column":1}}},"1":{"name":"(anonymous_2)","decl":{"start":{"line":24,"column":25},"end":{"line":24,"column":26}},"loc":{"start":{"line":24,"column":40},"end":{"line":26,"column":3}}},"2":{"name":"(anonymous_3)","decl":{"start":{"line":29,"column":27},"end":{"line":29,"column":32}},"loc":{"start":{"line":29,"column":54},"end":{"line":36,"column":3}}},"3":{"name":"(anonymous_4)","decl":{"start":{"line":47,"column":6},"end":{"line":47,"column":11}},"loc":{"start":{"line":47,"column":57},"end":{"line":90,"column":7}}}},"branchMap":{"0":{"loc":{"start":{"line":52,"column":10},"end":{"line":84,"column":11}},"type":"if","locations":[{"start":{"line":52,"column":10},"end":{"line":84,"column":11}},{"start":{"line":68,"column":17},"end":{"line":84,"column":11}}]}},"s":{"0":0,"1":0,"2":0,"3":0,"4":0,"5":0,"6":0,"7":0,"8":0,"9":0,"10":0,"11":0,"12":0,"13":0,"14":0,"15":0,"16":0,"17":0,"18":0,"19":0,"20":0,"21":0,"22":0,"23":0,"24":0,"25":0},"f":{"0":0,"1":0,"2":0,"3":0},"b":{"0":[0,0]}}
,"/home/t/klposter/backend/src/config/passport.ts": {"path":"/home/t/klposter/backend/src/config/passport.ts","statementMap":{"0":{"start":{"line":1,"column":0},"end":{"line":1,"column":32}},"1":{"start":{"line":2,"column":0},"end":{"line":2,"column":63}},"2":{"start":{"line":3,"column":0},"end":{"line":3,"column":27}},"3":{"start":{"line":4,"column":0},"end":{"line":4,"column":37}},"4":{"start":{"line":5,"column":0},"end":{"line":5,"column":33}},"5":{"start":{"line":6,"column":0},"end":{"line":6,"column":41}},"6":{"start":{"line":11,"column":29},"end":{"line":85,"column":1}},"7":{"start":{"line":13,"column":2},"end":{"line":15,"column":5}},"8":{"start":{"line":14,"column":4},"end":{"line":14,"column":24}},"9":{"start":{"line":18,"column":2},"end":{"line":26,"column":5}},"10":{"start":{"line":19,"column":4},"end":{"line":25,"column":5}},"11":{"start":{"line":20,"column":19},"end":{"line":20,"column":78}},"12":{"start":{"line":21,"column":6},"end":{"line":21,"column":36}},"13":{"start":{"line":23,"column":6},"end":{"line":23,"column":55}},"14":{"start":{"line":24,"column":6},"end":{"line":24,"column":29}},"15":{"start":{"line":29,"column":2},"end":{"line":84,"column":4}},"16":{"start":{"line":38,"column":8},"end":{"line":81,"column":9}},"17":{"start":{"line":40,"column":21},"end":{"line":40,"column":95}},"18":{"start":{"line":43,"column":10},"end":{"line":75,"column":11}},"19":{"start":{"line":44,"column":28},"end":{"line":53,"column":14}},"20":{"start":{"line":56,"column":27},"end":{"line":56,"column":77}},"21":{"start":{"line":57,"column":12},"end":{"line":57,"column":29}},"22":{"start":{"line":59,"column":12},"end":{"line":59,"column":81}},"23":{"start":{"line":62,"column":12},"end":{"line":72,"column":54}},"24":{"start":{"line":74,"column":12},"end":{"line":74,"column":77}},"25":{"start":{"line":77,"column":10},"end":{"line":77,"column":34}},"26":{"start":{"line":79,"column":10},"end":{"line":79,"column":66}},"27":{"start":{"line":80,"column":10},"end":{"line":80,"column":49}},"28":{"start":{"line":11,"column":13},"end":{"line":11,"column":29}}},"fnMap":{"0":{"name":"(anonymous_1)","decl":{"start":{"line":11,"column":29},"end":{"line":11,"column":32}},"loc":{"start":{"line":11,"column":34},"end":{"line":85,"column":1}}},"1":{"name":"(anonymous_2)","decl":{"start":{"line":13,"column":25},"end":{"line":13,"column":26}},"loc":{"start":{"line":13,"column":45},"end":{"line":15,"column":3}}},"2":{"name":"(anonymous_3)","decl":{"start":{"line":18,"column":27},"end":{"line":18,"column":32}},"loc":{"start":{"line":18,"column":54},"end":{"line":26,"column":3}}},"3":{"name":"(anonymous_4)","decl":{"start":{"line":37,"column":6},"end":{"line":37,"column":11}},"loc":{"start":{"line":37,"column":57},"end":{"line":82,"column":7}}}},"branchMap":{"0":{"loc":{"start":{"line":21,"column":17},"end":{"line":21,"column":34}},"type":"binary-expr","locations":[{"start":{"line":21,"column":17},"end":{"line":21,"column":21}},{"start":{"line":21,"column":25},"end":{"line":21,"column":34}}]},"1":{"loc":{"start":{"line":32,"column":18},"end":{"line":32,"column":53}},"type":"binary-expr","locations":[{"start":{"line":32,"column":18},"end":{"line":32,"column":47}},{"start":{"line":32,"column":51},"end":{"line":32,"column":53}}]},"2":{"loc":{"start":{"line":33,"column":22},"end":{"line":33,"column":61}},"type":"binary-expr","locations":[{"start":{"line":33,"column":22},"end":{"line":33,"column":55}},{"start":{"line":33,"column":59},"end":{"line":33,"column":61}}]},"3":{"loc":{"start":{"line":34,"column":21},"end":{"line":34,"column":106}},"type":"binary-expr","locations":[{"start":{"line":34,"column":21},"end":{"line":34,"column":53}},{"start":{"line":34,"column":57},"end":{"line":34,"column":106}}]},"4":{"loc":{"start":{"line":43,"column":10},"end":{"line":75,"column":11}},"type":"if","locations":[{"start":{"line":43,"column":10},"end":{"line":75,"column":11}},{"start":{"line":60,"column":17},"end":{"line":75,"column":11}}]},"5":{"loc":{"start":{"line":50,"column":37},"end":{"line":50,"column":57}},"type":"binary-expr","locations":[{"start":{"line":50,"column":37},"end":{"line":50,"column":51}},{"start":{"line":50,"column":55},"end":{"line":50,"column":57}}]},"6":{"loc":{"start":{"line":69,"column":39},"end":{"line":69,"column":59}},"type":"binary-expr","locations":[{"start":{"line":69,"column":39},"end":{"line":69,"column":53}},{"start":{"line":69,"column":57},"end":{"line":69,"column":59}}]}},"s":{"0":0,"1":0,"2":0,"3":0,"4":0,"5":0,"6":0,"7":0,"8":0,"9":0,"10":0,"11":0,"12":0,"13":0,"14":0,"15":0,"16":0,"17":0,"18":0,"19":0,"20":0,"21":0,"22":0,"23":0,"24":0,"25":0,"26":0,"27":0,"28":0},"f":{"0":0,"1":0,"2":0,"3":0},"b":{"0":[0,0],"1":[0,0],"2":[0,0],"3":[0,0],"4":[0,0],"5":[0,0],"6":[0,0]}}
,"/home/t/klposter/backend/src/controllers/album.controller.ts": {"path":"/home/t/klposter/backend/src/controllers/album.controller.ts","statementMap":{"0":{"start":{"line":2,"column":0},"end":{"line":2,"column":61}},"1":{"start":{"line":3,"column":0},"end":{"line":3,"column":59}},"2":{"start":{"line":4,"column":0},"end":{"line":4,"column":41}},"3":{"start":{"line":11,"column":4},"end":{"line":14,"column":6}},"4":{"start":{"line":15,"column":4},"end":{"line":15,"column":72}},"5":{"start":{"line":22,"column":4},"end":{"line":60,"column":5}},"6":{"start":{"line":23,"column":24},"end":{"line":23,"column":33}},"7":{"start":{"line":24,"column":6},"end":{"line":26,"column":7}},"8":{"start":{"line":25,"column":8},"end":{"line":25,"column":78}},"9":{"start":{"line":29,"column":28},"end":{"line":29,"column":73}},"10":{"start":{"line":32,"column":6},"end":{"line":41,"column":7}},"11":{"start":{"line":33,"column":8},"end":{"line":33,"column":58}},"12":{"start":{"line":34,"column":29},"end":{"line":34,"column":73}},"13":{"start":{"line":36,"column":8},"end":{"line":38,"column":9}},"14":{"start":{"line":37,"column":10},"end":{"line":37,"column":68}},"15":{"start":{"line":40,"column":8},"end":{"line":40,"column":38}},"16":{"start":{"line":44,"column":27},"end":{"line":45,"column":null}},"17":{"start":{"line":49,"column":29},"end":{"line":52,"column":8}},"18":{"start":{"line":54,"column":6},"end":{"line":54,"column":38}},"19":{"start":{"line":56,"column":6},"end":{"line":58,"column":9}},"20":{"start":{"line":59,"column":6},"end":{"line":59,"column":70}},"21":{"start":{"line":6,"column":0},"end":{"line":6,"column":13}}},"fnMap":{"0":{"name":"(anonymous_0)","decl":{"start":{"line":10,"column":2},"end":{"line":10,"column":null}},"loc":{"start":{"line":10,"column":2},"end":{"line":16,"column":3}}},"1":{"name":"(anonymous_1)","decl":{"start":{"line":21,"column":2},"end":{"line":21,"column":7}},"loc":{"start":{"line":21,"column":47},"end":{"line":61,"column":3}}}},"branchMap":{"0":{"loc":{"start":{"line":24,"column":6},"end":{"line":26,"column":7}},"type":"if","locations":[{"start":{"line":24,"column":6},"end":{"line":26,"column":7}}]},"1":{"loc":{"start":{"line":24,"column":10},"end":{"line":24,"column":45}},"type":"binary-expr","locations":[{"start":{"line":24,"column":10},"end":{"line":24,"column":16}},{"start":{"line":24,"column":20},"end":{"line":24,"column":45}}]},"2":{"loc":{"start":{"line":32,"column":6},"end":{"line":41,"column":7}},"type":"if","locations":[{"start":{"line":32,"column":6},"end":{"line":41,"column":7}}]},"3":{"loc":{"start":{"line":36,"column":8},"end":{"line":38,"column":9}},"type":"if","locations":[{"start":{"line":36,"column":8},"end":{"line":38,"column":9}}]},"4":{"loc":{"start":{"line":51,"column":21},"end":{"line":51,"column":52}},"type":"binary-expr","locations":[{"start":{"line":51,"column":21},"end":{"line":51,"column":46}},{"start":{"line":51,"column":50},"end":{"line":51,"column":52}}]},"5":{"loc":{"start":{"line":57,"column":15},"end":{"line":57,"column":71}},"type":"cond-expr","locations":[{"start":{"line":57,"column":40},"end":{"line":57,"column":53}},{"start":{"line":57,"column":56},"end":{"line":57,"column":71}}]}},"s":{"0":0,"1":0,"2":0,"3":0,"4":0,"5":0,"6":0,"7":0,"8":0,"9":0,"10":0,"11":0,"12":0,"13":0,"14":0,"15":0,"16":0,"17":0,"18":0,"19":0,"20":0,"21":0},"f":{"0":0,"1":0},"b":{"0":[0],"1":[0,0],"2":[0],"3":[0],"4":[0,0],"5":[0,0]}}
,"/home/t/klposter/backend/src/controllers/music-api-controller.ts": {"path":"/home/t/klposter/backend/src/controllers/music-api-controller.ts","statementMap":{"0":{"start":{"line":2,"column":0},"end":{"line":2,"column":86}},"1":{"start":{"line":3,"column":0},"end":{"line":3,"column":55}},"2":{"start":{"line":4,"column":0},"end":{"line":4,"column":41}},"3":{"start":{"line":9,"column":29},"end":{"line":31,"column":1}},"4":{"start":{"line":10,"column":2},"end":{"line":30,"column":3}},"5":{"start":{"line":11,"column":22},"end":{"line":11,"column":31}},"6":{"start":{"line":13,"column":4},"end":{"line":15,"column":5}},"7":{"start":{"line":14,"column":6},"end":{"line":14,"column":61}},"8":{"start":{"line":17,"column":19},"end":{"line":17,"column":50}},"9":{"start":{"line":19,"column":4},"end":{"line":21,"column":5}},"10":{"start":{"line":20,"column":6},"end":{"line":20,"column":67}},"11":{"start":{"line":23,"column":4},"end":{"line":23,"column":33}},"12":{"start":{"line":25,"column":4},"end":{"line":25,"column":52}},"13":{"start":{"line":26,"column":4},"end":{"line":28,"column":5}},"14":{"start":{"line":27,"column":6},"end":{"line":27,"column":18}},"15":{"start":{"line":29,"column":4},"end":{"line":29,"column":56}},"16":{"start":{"line":9,"column":13},"end":{"line":9,"column":29}},"17":{"start":{"line":36,"column":28},"end":{"line":62,"column":1}},"18":{"start":{"line":37,"column":2},"end":{"line":61,"column":3}},"19":{"start":{"line":38,"column":30},"end":{"line":38,"column":39}},"20":{"start":{"line":40,"column":4},"end":{"line":42,"column":5}},"21":{"start":{"line":41,"column":6},"end":{"line":41,"column":62}},"22":{"start":{"line":44,"column":4},"end":{"line":46,"column":5}},"23":{"start":{"line":45,"column":6},"end":{"line":45,"column":61}},"24":{"start":{"line":48,"column":19},"end":{"line":48,"column":57}},"25":{"start":{"line":50,"column":4},"end":{"line":52,"column":5}},"26":{"start":{"line":51,"column":6},"end":{"line":51,"column":67}},"27":{"start":{"line":54,"column":4},"end":{"line":54,"column":33}},"28":{"start":{"line":56,"column":4},"end":{"line":56,"column":52}},"29":{"start":{"line":57,"column":4},"end":{"line":59,"column":5}},"30":{"start":{"line":58,"column":6},"end":{"line":58,"column":18}},"31":{"start":{"line":60,"column":4},"end":{"line":60,"column":56}},"32":{"start":{"line":36,"column":13},"end":{"line":36,"column":28}},"33":{"start":{"line":67,"column":32},"end":{"line":104,"column":1}},"34":{"start":{"line":68,"column":2},"end":{"line":103,"column":3}},"35":{"start":{"line":69,"column":37},"end":{"line":69,"column":46}},"36":{"start":{"line":71,"column":4},"end":{"line":73,"column":5}},"37":{"start":{"line":72,"column":6},"end":{"line":72,"column":61}},"38":{"start":{"line":76,"column":24},"end":{"line":76,"column":55}},"39":{"start":{"line":78,"column":4},"end":{"line":80,"column":5}},"40":{"start":{"line":79,"column":6},"end":{"line":79,"column":78}},"41":{"start":{"line":83,"column":23},"end":{"line":85,"column":null}},"42":{"start":{"line":89,"column":25},"end":{"line":94,"column":6}},"43":{"start":{"line":96,"column":4},"end":{"line":96,"column":39}},"44":{"start":{"line":98,"column":4},"end":{"line":98,"column":55}},"45":{"start":{"line":99,"column":4},"end":{"line":101,"column":5}},"46":{"start":{"line":100,"column":6},"end":{"line":100,"column":18}},"47":{"start":{"line":102,"column":4},"end":{"line":102,"column":61}},"48":{"start":{"line":67,"column":13},"end":{"line":67,"column":32}}},"fnMap":{"0":{"name":"(anonymous_0)","decl":{"start":{"line":9,"column":29},"end":{"line":9,"column":34}},"loc":{"start":{"line":9,"column":67},"end":{"line":31,"column":1}}},"1":{"name":"(anonymous_1)","decl":{"start":{"line":36,"column":28},"end":{"line":36,"column":33}},"loc":{"start":{"line":36,"column":66},"end":{"line":62,"column":1}}},"2":{"name":"(anonymous_2)","decl":{"start":{"line":67,"column":32},"end":{"line":67,"column":37}},"loc":{"start":{"line":67,"column":70},"end":{"line":104,"column":1}}}},"branchMap":{"0":{"loc":{"start":{"line":13,"column":4},"end":{"line":15,"column":5}},"type":"if","locations":[{"start":{"line":13,"column":4},"end":{"line":15,"column":5}}]},"1":{"loc":{"start":{"line":13,"column":8},"end":{"line":13,"column":43}},"type":"binary-expr","locations":[{"start":{"line":13,"column":8},"end":{"line":13,"column":14}},{"start":{"line":13,"column":18},"end":{"line":13,"column":43}}]},"2":{"loc":{"start":{"line":19,"column":4},"end":{"line":21,"column":5}},"type":"if","locations":[{"start":{"line":19,"column":4},"end":{"line":21,"column":5}}]},"3":{"loc":{"start":{"line":26,"column":4},"end":{"line":28,"column":5}},"type":"if","locations":[{"start":{"line":26,"column":4},"end":{"line":28,"column":5}}]},"4":{"loc":{"start":{"line":40,"column":4},"end":{"line":42,"column":5}},"type":"if","locations":[{"start":{"line":40,"column":4},"end":{"line":42,"column":5}}]},"5":{"loc":{"start":{"line":40,"column":8},"end":{"line":40,"column":45}},"type":"binary-expr","locations":[{"start":{"line":40,"column":8},"end":{"line":40,"column":15}},{"start":{"line":40,"column":19},"end":{"line":40,"column":45}}]},"6":{"loc":{"start":{"line":44,"column":4},"end":{"line":46,"column":5}},"type":"if","locations":[{"start":{"line":44,"column":4},"end":{"line":46,"column":5}}]},"7":{"loc":{"start":{"line":44,"column":8},"end":{"line":44,"column":43}},"type":"binary-expr","locations":[{"start":{"line":44,"column":8},"end":{"line":44,"column":14}},{"start":{"line":44,"column":18},"end":{"line":44,"column":43}}]},"8":{"loc":{"start":{"line":50,"column":4},"end":{"line":52,"column":5}},"type":"if","locations":[{"start":{"line":50,"column":4},"end":{"line":52,"column":5}}]},"9":{"loc":{"start":{"line":57,"column":4},"end":{"line":59,"column":5}},"type":"if","locations":[{"start":{"line":57,"column":4},"end":{"line":59,"column":5}}]},"10":{"loc":{"start":{"line":71,"column":4},"end":{"line":73,"column":5}},"type":"if","locations":[{"start":{"line":71,"column":4},"end":{"line":73,"column":5}}]},"11":{"loc":{"start":{"line":71,"column":8},"end":{"line":71,"column":43}},"type":"binary-expr","locations":[{"start":{"line":71,"column":8},"end":{"line":71,"column":14}},{"start":{"line":71,"column":18},"end":{"line":71,"column":43}}]},"12":{"loc":{"start":{"line":78,"column":4},"end":{"line":80,"column":5}},"type":"if","locations":[{"start":{"line":78,"column":4},"end":{"line":80,"column":5}}]},"13":{"loc":{"start":{"line":84,"column":6},"end":{"line":84,"column":44}},"type":"binary-expr","locations":[{"start":{"line":84,"column":6},"end":{"line":84,"column":22}},{"start":{"line":84,"column":26},"end":{"line":84,"column":44}}]},"14":{"loc":{"start":{"line":85,"column":6},"end":{"line":85,"column":42}},"type":"binary-expr","locations":[{"start":{"line":85,"column":6},"end":{"line":85,"column":21}},{"start":{"line":85,"column":25},"end":{"line":85,"column":42}}]},"15":{"loc":{"start":{"line":93,"column":14},"end":{"line":93,"column":82}},"type":"cond-expr","locations":[{"start":{"line":93,"column":43},"end":{"line":93,"column":61}},{"start":{"line":93,"column":64},"end":{"line":93,"column":82}}]},"16":{"loc":{"start":{"line":99,"column":4},"end":{"line":101,"column":5}},"type":"if","locations":[{"start":{"line":99,"column":4},"end":{"line":101,"column":5}}]}},"s":{"0":0,"1":0,"2":0,"3":0,"4":0,"5":0,"6":0,"7":0,"8":0,"9":0,"10":0,"11":0,"12":0,"13":0,"14":0,"15":0,"16":0,"17":0,"18":0,"19":0,"20":0,"21":0,"22":0,"23":0,"24":0,"25":0,"26":0,"27":0,"28":0,"29":0,"30":0,"31":0,"32":0,"33":0,"34":0,"35":0,"36":0,"37":0,"38":0,"39":0,"40":0,"41":0,"42":0,"43":0,"44":0,"45":0,"46":0,"47":0,"48":0},"f":{"0":0,"1":0,"2":0},"b":{"0":[0],"1":[0,0],"2":[0],"3":[0],"4":[0],"5":[0,0],"6":[0],"7":[0,0],"8":[0],"9":[0],"10":[0],"11":[0,0],"12":[0],"13":[0,0],"14":[0,0],"15":[0,0],"16":[0]}}
,"/home/t/klposter/backend/src/controllers/post.ts": {"path":"/home/t/klposter/backend/src/controllers/post.ts","statementMap":{"0":{"start":{"line":2,"column":0},"end":{"line":2,"column":53}},"1":{"start":{"line":3,"column":0},"end":{"line":3,"column":27}},"2":{"start":{"line":4,"column":0},"end":{"line":4,"column":37}},"3":{"start":{"line":5,"column":0},"end":{"line":5,"column":44}},"4":{"start":{"line":7,"column":0},"end":{"line":7,"column":41}},"5":{"start":{"line":12,"column":26},"end":{"line":45,"column":1}},"6":{"start":{"line":13,"column":2},"end":{"line":44,"column":3}},"7":{"start":{"line":14,"column":19},"end":{"line":14,"column":40}},"8":{"start":{"line":15,"column":4},"end":{"line":17,"column":5}},"9":{"start":{"line":16,"column":6},"end":{"line":16,"column":62}},"10":{"start":{"line":19,"column":36},"end":{"line":19,"column":44}},"11":{"start":{"line":20,"column":19},"end":{"line":20,"column":31}},"12":{"start":{"line":22,"column":17},"end":{"line":31,"column":6}},"13":{"start":{"line":33,"column":4},"end":{"line":33,"column":40}},"14":{"start":{"line":36,"column":24},"end":{"line":36,"column":88}},"15":{"start":{"line":37,"column":4},"end":{"line":40,"column":7}},"16":{"start":{"line":42,"column":4},"end":{"line":42,"column":48}},"17":{"start":{"line":43,"column":4},"end":{"line":43,"column":68}},"18":{"start":{"line":12,"column":13},"end":{"line":12,"column":26}},"19":{"start":{"line":50,"column":23},"end":{"line":77,"column":1}},"20":{"start":{"line":51,"column":2},"end":{"line":76,"column":3}},"21":{"start":{"line":52,"column":19},"end":{"line":52,"column":40}},"22":{"start":{"line":53,"column":4},"end":{"line":55,"column":5}},"23":{"start":{"line":54,"column":6},"end":{"line":54,"column":62}},"24":{"start":{"line":57,"column":19},"end":{"line":57,"column":29}},"25":{"start":{"line":58,"column":17},"end":{"line":58,"column":76}},"26":{"start":{"line":60,"column":4},"end":{"line":62,"column":5}},"27":{"start":{"line":61,"column":6},"end":{"line":61,"column":63}},"28":{"start":{"line":65,"column":4},"end":{"line":67,"column":5}},"29":{"start":{"line":66,"column":6},"end":{"line":66,"column":96}},"30":{"start":{"line":69,"column":4},"end":{"line":72,"column":7}},"31":{"start":{"line":74,"column":4},"end":{"line":74,"column":47}},"32":{"start":{"line":75,"column":4},"end":{"line":75,"column":65}},"33":{"start":{"line":50,"column":13},"end":{"line":50,"column":23}},"34":{"start":{"line":82,"column":26},"end":{"line":124,"column":1}},"35":{"start":{"line":83,"column":2},"end":{"line":123,"column":3}},"36":{"start":{"line":84,"column":19},"end":{"line":84,"column":40}},"37":{"start":{"line":85,"column":4},"end":{"line":87,"column":5}},"38":{"start":{"line":86,"column":6},"end":{"line":86,"column":62}},"39":{"start":{"line":89,"column":19},"end":{"line":89,"column":29}},"40":{"start":{"line":90,"column":38},"end":{"line":90,"column":46}},"41":{"start":{"line":91,"column":19},"end":{"line":91,"column":31}},"42":{"start":{"line":94,"column":25},"end":{"line":94,"column":84}},"43":{"start":{"line":95,"column":4},"end":{"line":97,"column":5}},"44":{"start":{"line":96,"column":6},"end":{"line":96,"column":63}},"45":{"start":{"line":98,"column":4},"end":{"line":100,"column":5}},"46":{"start":{"line":99,"column":6},"end":{"line":99,"column":96}},"47":{"start":{"line":103,"column":25},"end":{"line":108,"column":6}},"48":{"start":{"line":110,"column":4},"end":{"line":112,"column":31}},"49":{"start":{"line":115,"column":24},"end":{"line":115,"column":83}},"50":{"start":{"line":116,"column":4},"end":{"line":119,"column":7}},"51":{"start":{"line":121,"column":4},"end":{"line":121,"column":48}},"52":{"start":{"line":122,"column":4},"end":{"line":122,"column":68}},"53":{"start":{"line":82,"column":13},"end":{"line":82,"column":26}},"54":{"start":{"line":129,"column":26},"end":{"line":154,"column":1}},"55":{"start":{"line":130,"column":2},"end":{"line":153,"column":3}},"56":{"start":{"line":131,"column":19},"end":{"line":131,"column":40}},"57":{"start":{"line":132,"column":4},"end":{"line":134,"column":5}},"58":{"start":{"line":133,"column":6},"end":{"line":133,"column":62}},"59":{"start":{"line":136,"column":19},"end":{"line":136,"column":29}},"60":{"start":{"line":137,"column":19},"end":{"line":137,"column":31}},"61":{"start":{"line":140,"column":25},"end":{"line":140,"column":84}},"62":{"start":{"line":141,"column":4},"end":{"line":143,"column":5}},"63":{"start":{"line":142,"column":6},"end":{"line":142,"column":63}},"64":{"start":{"line":144,"column":4},"end":{"line":146,"column":5}},"65":{"start":{"line":145,"column":6},"end":{"line":145,"column":96}},"66":{"start":{"line":148,"column":4},"end":{"line":148,"column":51}},"67":{"start":{"line":149,"column":4},"end":{"line":149,"column":34}},"68":{"start":{"line":151,"column":4},"end":{"line":151,"column":48}},"69":{"start":{"line":152,"column":4},"end":{"line":152,"column":68}},"70":{"start":{"line":129,"column":13},"end":{"line":129,"column":26}},"71":{"start":{"line":159,"column":25},"end":{"line":212,"column":1}},"72":{"start":{"line":160,"column":2},"end":{"line":211,"column":3}},"73":{"start":{"line":161,"column":19},"end":{"line":161,"column":40}},"74":{"start":{"line":162,"column":4},"end":{"line":164,"column":5}},"75":{"start":{"line":163,"column":6},"end":{"line":163,"column":62}},"76":{"start":{"line":166,"column":19},"end":{"line":166,"column":31}},"77":{"start":{"line":167,"column":19},"end":{"line":167,"column":61}},"78":{"start":{"line":168,"column":17},"end":{"line":168,"column":58}},"79":{"start":{"line":169,"column":18},"end":{"line":169,"column":61}},"80":{"start":{"line":170,"column":19},"end":{"line":170,"column":37}},"81":{"start":{"line":173,"column":23},"end":{"line":173,"column":49}},"82":{"start":{"line":174,"column":4},"end":{"line":176,"column":5}},"83":{"start":{"line":175,"column":6},"end":{"line":175,"column":48}},"84":{"start":{"line":179,"column":23},"end":{"line":182,"column":12}},"85":{"start":{"line":185,"column":22},"end":{"line":191,"column":12}},"86":{"start":{"line":194,"column":27},"end":{"line":197,"column":7}},"87":{"start":{"line":194,"column":79},"end":{"line":197,"column":6}},"88":{"start":{"line":199,"column":4},"end":{"line":207,"column":7}},"89":{"start":{"line":209,"column":4},"end":{"line":209,"column":48}},"90":{"start":{"line":210,"column":4},"end":{"line":210,"column":67}},"91":{"start":{"line":159,"column":13},"end":{"line":159,"column":25}}},"fnMap":{"0":{"name":"(anonymous_0)","decl":{"start":{"line":12,"column":26},"end":{"line":12,"column":31}},"loc":{"start":{"line":12,"column":64},"end":{"line":45,"column":1}}},"1":{"name":"(anonymous_1)","decl":{"start":{"line":50,"column":23},"end":{"line":50,"column":28}},"loc":{"start":{"line":50,"column":61},"end":{"line":77,"column":1}}},"2":{"name":"(anonymous_2)","decl":{"start":{"line":82,"column":26},"end":{"line":82,"column":31}},"loc":{"start":{"line":82,"column":64},"end":{"line":124,"column":1}}},"3":{"name":"(anonymous_3)","decl":{"start":{"line":129,"column":26},"end":{"line":129,"column":31}},"loc":{"start":{"line":129,"column":64},"end":{"line":154,"column":1}}},"4":{"name":"(anonymous_4)","decl":{"start":{"line":159,"column":25},"end":{"line":159,"column":30}},"loc":{"start":{"line":159,"column":63},"end":{"line":212,"column":1}}},"5":{"name":"(anonymous_5)","decl":{"start":{"line":194,"column":41},"end":{"line":194,"column":42}},"loc":{"start":{"line":194,"column":79},"end":{"line":197,"column":6}}}},"branchMap":{"0":{"loc":{"start":{"line":15,"column":4},"end":{"line":17,"column":5}},"type":"if","locations":[{"start":{"line":15,"column":4},"end":{"line":17,"column":5}}]},"1":{"loc":{"start":{"line":26,"column":17},"end":{"line":26,"column":79}},"type":"cond-expr","locations":[{"start":{"line":26,"column":38},"end":{"line":26,"column":72}},{"start":{"line":26,"column":75},"end":{"line":26,"column":79}}]},"2":{"loc":{"start":{"line":28,"column":20},"end":{"line":28,"column":82}},"type":"cond-expr","locations":[{"start":{"line":28,"column":44},"end":{"line":28,"column":75}},{"start":{"line":28,"column":78},"end":{"line":28,"column":82}}]},"3":{"loc":{"start":{"line":39,"column":17},"end":{"line":39,"column":81}},"type":"cond-expr","locations":[{"start":{"line":39,"column":41},"end":{"line":39,"column":74}},{"start":{"line":39,"column":77},"end":{"line":39,"column":81}}]},"4":{"loc":{"start":{"line":53,"column":4},"end":{"line":55,"column":5}},"type":"if","locations":[{"start":{"line":53,"column":4},"end":{"line":55,"column":5}}]},"5":{"loc":{"start":{"line":60,"column":4},"end":{"line":62,"column":5}},"type":"if","locations":[{"start":{"line":60,"column":4},"end":{"line":62,"column":5}}]},"6":{"loc":{"start":{"line":65,"column":4},"end":{"line":67,"column":5}},"type":"if","locations":[{"start":{"line":65,"column":4},"end":{"line":67,"column":5}}]},"7":{"loc":{"start":{"line":71,"column":17},"end":{"line":71,"column":67}},"type":"cond-expr","locations":[{"start":{"line":71,"column":34},"end":{"line":71,"column":60}},{"start":{"line":71,"column":63},"end":{"line":71,"column":67}}]},"8":{"loc":{"start":{"line":85,"column":4},"end":{"line":87,"column":5}},"type":"if","locations":[{"start":{"line":85,"column":4},"end":{"line":87,"column":5}}]},"9":{"loc":{"start":{"line":95,"column":4},"end":{"line":97,"column":5}},"type":"if","locations":[{"start":{"line":95,"column":4},"end":{"line":97,"column":5}}]},"10":{"loc":{"start":{"line":98,"column":4},"end":{"line":100,"column":5}},"type":"if","locations":[{"start":{"line":98,"column":4},"end":{"line":100,"column":5}}]},"11":{"loc":{"start":{"line":105,"column":17},"end":{"line":105,"column":88}},"type":"cond-expr","locations":[{"start":{"line":105,"column":40},"end":{"line":105,"column":76}},{"start":{"line":105,"column":79},"end":{"line":105,"column":88}}]},"12":{"loc":{"start":{"line":106,"column":20},"end":{"line":106,"column":91}},"type":"cond-expr","locations":[{"start":{"line":106,"column":46},"end":{"line":106,"column":79}},{"start":{"line":106,"column":82},"end":{"line":106,"column":91}}]},"13":{"loc":{"start":{"line":118,"column":17},"end":{"line":118,"column":81}},"type":"cond-expr","locations":[{"start":{"line":118,"column":41},"end":{"line":118,"column":74}},{"start":{"line":118,"column":77},"end":{"line":118,"column":81}}]},"14":{"loc":{"start":{"line":132,"column":4},"end":{"line":134,"column":5}},"type":"if","locations":[{"start":{"line":132,"column":4},"end":{"line":134,"column":5}}]},"15":{"loc":{"start":{"line":141,"column":4},"end":{"line":143,"column":5}},"type":"if","locations":[{"start":{"line":141,"column":4},"end":{"line":143,"column":5}}]},"16":{"loc":{"start":{"line":144,"column":4},"end":{"line":146,"column":5}},"type":"if","locations":[{"start":{"line":144,"column":4},"end":{"line":146,"column":5}}]},"17":{"loc":{"start":{"line":162,"column":4},"end":{"line":164,"column":5}},"type":"if","locations":[{"start":{"line":162,"column":4},"end":{"line":164,"column":5}}]},"18":{"loc":{"start":{"line":168,"column":26},"end":{"line":168,"column":57}},"type":"binary-expr","locations":[{"start":{"line":168,"column":26},"end":{"line":168,"column":50}},{"start":{"line":168,"column":54},"end":{"line":168,"column":57}}]},"19":{"loc":{"start":{"line":169,"column":27},"end":{"line":169,"column":60}},"type":"binary-expr","locations":[{"start":{"line":169,"column":27},"end":{"line":169,"column":52}},{"start":{"line":169,"column":56},"end":{"line":169,"column":60}}]},"20":{"loc":{"start":{"line":174,"column":4},"end":{"line":176,"column":5}},"type":"if","locations":[{"start":{"line":174,"column":4},"end":{"line":176,"column":5}}]},"21":{"loc":{"start":{"line":196,"column":17},"end":{"line":196,"column":67}},"type":"cond-expr","locations":[{"start":{"line":196,"column":34},"end":{"line":196,"column":60}},{"start":{"line":196,"column":63},"end":{"line":196,"column":67}}]},"22":{"loc":{"start":{"line":202,"column":15},"end":{"line":202,"column":37}},"type":"binary-expr","locations":[{"start":{"line":202,"column":15},"end":{"line":202,"column":32}},{"start":{"line":202,"column":36},"end":{"line":202,"column":37}}]},"23":{"loc":{"start":{"line":205,"column":31},"end":{"line":205,"column":53}},"type":"binary-expr","locations":[{"start":{"line":205,"column":31},"end":{"line":205,"column":48}},{"start":{"line":205,"column":52},"end":{"line":205,"column":53}}]}},"s":{"0":0,"1":0,"2":0,"3":0,"4":0,"5":0,"6":0,"7":0,"8":0,"9":0,"10":0,"11":0,"12":0,"13":0,"14":0,"15":0,"16":0,"17":0,"18":0,"19":0,"20":0,"21":0,"22":0,"23":0,"24":0,"25":0,"26":0,"27":0,"28":0,"29":0,"30":0,"31":0,"32":0,"33":0,"34":0,"35":0,"36":0,"37":0,"38":0,"39":0,"40":0,"41":0,"42":0,"43":0,"44":0,"45":0,"46":0,"47":0,"48":0,"49":0,"50":0,"51":0,"52":0,"53":0,"54":0,"55":0,"56":0,"57":0,"58":0,"59":0,"60":0,"61":0,"62":0,"63":0,"64":0,"65":0,"66":0,"67":0,"68":0,"69":0,"70":0,"71":0,"72":0,"73":0,"74":0,"75":0,"76":0,"77":0,"78":0,"79":0,"80":0,"81":0,"82":0,"83":0,"84":0,"85":0,"86":0,"87":0,"88":0,"89":0,"90":0,"91":0},"f":{"0":0,"1":0,"2":0,"3":0,"4":0,"5":0},"b":{"0":[0],"1":[0,0],"2":[0,0],"3":[0,0],"4":[0],"5":[0],"6":[0],"7":[0,0],"8":[0],"9":[0],"10":[0],"11":[0,0],"12":[0,0],"13":[0,0],"14":[0],"15":[0],"16":[0],"17":[0],"18":[0,0],"19":[0,0],"20":[0],"21":[0,0],"22":[0,0],"23":[0,0]}}
,"/home/t/klposter/backend/src/db/index.ts": {"path":"/home/t/klposter/backend/src/db/index.ts","statementMap":{"0":{"start":{"line":8,"column":0},"end":{"line":8,"column":41}},"1":{"start":{"line":9,"column":0},"end":{"line":9,"column":25}},"2":{"start":{"line":10,"column":0},"end":{"line":10,"column":29}},"3":{"start":{"line":11,"column":0},"end":{"line":11,"column":35}},"4":{"start":{"line":83,"column":13},"end":{"line":83,"column":19}},"5":{"start":{"line":14,"column":14},"end":{"line":14,"column":18}},"6":{"start":{"line":83,"column":9},"end":{"line":83,"column":11}},"7":{"start":{"line":17,"column":13},"end":{"line":72,"column":1}},"8":{"start":{"line":19,"column":16},"end":{"line":19,"column":48}},"9":{"start":{"line":20,"column":2},"end":{"line":23,"column":3}},"10":{"start":{"line":21,"column":4},"end":{"line":21,"column":57}},"11":{"start":{"line":22,"column":4},"end":{"line":22,"column":45}},"12":{"start":{"line":26,"column":2},"end":{"line":69,"column":3}},"13":{"start":{"line":27,"column":4},"end":{"line":65,"column":5}},"14":{"start":{"line":28,"column":6},"end":{"line":30,"column":8}},"15":{"start":{"line":32,"column":25},"end":{"line":32,"column":45}},"16":{"start":{"line":33,"column":6},"end":{"line":33,"column":25}},"17":{"start":{"line":35,"column":6},"end":{"line":35,"column":55}},"18":{"start":{"line":39,"column":8},"end":{"line":40,"column":59}},"19":{"start":{"line":42,"column":6},"end":{"line":64,"column":7}},"20":{"start":{"line":44,"column":38},"end":{"line":44,"column":68}},"21":{"start":{"line":46,"column":28},"end":{"line":46,"column":70}},"22":{"start":{"line":50,"column":23},"end":{"line":50,"column":43}},"23":{"start":{"line":51,"column":8},"end":{"line":51,"column":56}},"24":{"start":{"line":54,"column":8},"end":{"line":54,"column":41}},"25":{"start":{"line":55,"column":8},"end":{"line":55,"column":65}},"26":{"start":{"line":57,"column":8},"end":{"line":57,"column":74}},"27":{"start":{"line":58,"column":8},"end":{"line":58,"column":56}},"28":{"start":{"line":61,"column":27},"end":{"line":61,"column":47}},"29":{"start":{"line":62,"column":8},"end":{"line":62,"column":27}},"30":{"start":{"line":63,"column":8},"end":{"line":63,"column":55}},"31":{"start":{"line":67,"column":4},"end":{"line":67,"column":62}},"32":{"start":{"line":68,"column":4},"end":{"line":68,"column":54}},"33":{"start":{"line":71,"column":2},"end":{"line":71,"column":12}},"34":{"start":{"line":83,"column":21},"end":{"line":83,"column":25}},"35":{"start":{"line":75,"column":0},"end":{"line":80,"column":5}},"36":{"start":{"line":76,"column":14},"end":{"line":76,"column":61}},"37":{"start":{"line":78,"column":4},"end":{"line":78,"column":59}},"38":{"start":{"line":79,"column":4},"end":{"line":79,"column":20}}},"fnMap":{"0":{"name":"(anonymous_9)","decl":{"start":{"line":17,"column":13},"end":{"line":17,"column":18}},"loc":{"start":{"line":17,"column":24},"end":{"line":72,"column":1}}},"1":{"name":"(anonymous_10)","decl":{"start":{"line":44,"column":38},"end":{"line":44,"column":51}},"loc":{"start":{"line":44,"column":38},"end":{"line":44,"column":68}}},"2":{"name":"(anonymous_11)","decl":{"start":{"line":46,"column":28},"end":{"line":46,"column":41}},"loc":{"start":{"line":46,"column":28},"end":{"line":46,"column":70}}},"3":{"name":"(anonymous_12)","decl":{"start":{"line":76,"column":8},"end":{"line":76,"column":11}},"loc":{"start":{"line":76,"column":14},"end":{"line":76,"column":61}}},"4":{"name":"(anonymous_13)","decl":{"start":{"line":77,"column":9},"end":{"line":77,"column":10}},"loc":{"start":{"line":77,"column":19},"end":{"line":80,"column":3}}}},"branchMap":{"0":{"loc":{"start":{"line":20,"column":2},"end":{"line":23,"column":3}},"type":"if","locations":[{"start":{"line":20,"column":2},"end":{"line":23,"column":3}}]},"1":{"loc":{"start":{"line":27,"column":4},"end":{"line":65,"column":5}},"type":"if","locations":[{"start":{"line":27,"column":4},"end":{"line":65,"column":5}},{"start":{"line":34,"column":11},"end":{"line":65,"column":5}}]},"2":{"loc":{"start":{"line":39,"column":8},"end":{"line":40,"column":59}},"type":"binary-expr","locations":[{"start":{"line":39,"column":8},"end":{"line":39,"column":32}},{"start":{"line":40,"column":8},"end":{"line":40,"column":59}}]}},"s":{"0":0,"1":0,"2":0,"3":0,"4":0,"5":0,"6":0,"7":0,"8":0,"9":0,"10":0,"11":0,"12":0,"13":0,"14":0,"15":0,"16":0,"17":0,"18":0,"19":0,"20":0,"21":0,"22":0,"23":0,"24":0,"25":0,"26":0,"27":0,"28":0,"29":0,"30":0,"31":0,"32":0,"33":0,"34":0,"35":0,"36":0,"37":0,"38":0},"f":{"0":0,"1":0,"2":0,"3":0,"4":0},"b":{"0":[0],"1":[0,0],"2":[0,0]}}
,"/home/t/klposter/backend/src/db/migrate.ts": {"path":"/home/t/klposter/backend/src/db/migrate.ts","statementMap":{"0":{"start":{"line":1,"column":0},"end":{"line":1,"column":35}},"1":{"start":{"line":2,"column":0},"end":{"line":2,"column":41}},"2":{"start":{"line":7,"column":29},"end":{"line":40,"column":1}},"3":{"start":{"line":8,"column":2},"end":{"line":39,"column":3}},"4":{"start":{"line":9,"column":4},"end":{"line":9,"column":50}},"5":{"start":{"line":12,"column":4},"end":{"line":12,"column":17}},"6":{"start":{"line":14,"column":4},"end":{"line":17,"column":5}},"7":{"start":{"line":15,"column":6},"end":{"line":15,"column":65}},"8":{"start":{"line":16,"column":6},"end":{"line":16,"column":13}},"9":{"start":{"line":20,"column":4},"end":{"line":35,"column":5}},"10":{"start":{"line":22,"column":26},"end":{"line":22,"column":77}},"11":{"start":{"line":25,"column":6},"end":{"line":25,"column":59}},"12":{"start":{"line":27,"column":6},"end":{"line":27,"column":64}},"13":{"start":{"line":29,"column":6},"end":{"line":29,"column":54}},"14":{"start":{"line":30,"column":6},"end":{"line":34,"column":7}},"15":{"start":{"line":31,"column":8},"end":{"line":31,"column":79}},"16":{"start":{"line":33,"column":8},"end":{"line":33,"column":70}},"17":{"start":{"line":37,"column":4},"end":{"line":37,"column":54}},"18":{"start":{"line":38,"column":4},"end":{"line":38,"column":49}},"19":{"start":{"line":7,"column":13},"end":{"line":7,"column":29}},"20":{"start":{"line":44,"column":0},"end":{"line":56,"column":1}},"21":{"start":{"line":45,"column":2},"end":{"line":55,"column":7}},"22":{"start":{"line":47,"column":6},"end":{"line":47,"column":63}},"23":{"start":{"line":49,"column":6},"end":{"line":49,"column":22}},"24":{"start":{"line":52,"column":6},"end":{"line":52,"column":47}},"25":{"start":{"line":54,"column":6},"end":{"line":54,"column":22}}},"fnMap":{"0":{"name":"(anonymous_9)","decl":{"start":{"line":7,"column":29},"end":{"line":7,"column":34}},"loc":{"start":{"line":7,"column":40},"end":{"line":40,"column":1}}},"1":{"name":"(anonymous_10)","decl":{"start":{"line":22,"column":26},"end":{"line":22,"column":39}},"loc":{"start":{"line":22,"column":26},"end":{"line":22,"column":77}}},"2":{"name":"(anonymous_11)","decl":{"start":{"line":46,"column":10},"end":{"line":46,"column":13}},"loc":{"start":{"line":46,"column":15},"end":{"line":50,"column":5}}},"3":{"name":"(anonymous_12)","decl":{"start":{"line":51,"column":11},"end":{"line":51,"column":12}},"loc":{"start":{"line":51,"column":21},"end":{"line":55,"column":5}}}},"branchMap":{"0":{"loc":{"start":{"line":14,"column":4},"end":{"line":17,"column":5}},"type":"if","locations":[{"start":{"line":14,"column":4},"end":{"line":17,"column":5}}]},"1":{"loc":{"start":{"line":30,"column":6},"end":{"line":34,"column":7}},"type":"if","locations":[{"start":{"line":30,"column":6},"end":{"line":34,"column":7}},{"start":{"line":32,"column":13},"end":{"line":34,"column":7}}]},"2":{"loc":{"start":{"line":44,"column":0},"end":{"line":56,"column":1}},"type":"if","locations":[{"start":{"line":44,"column":0},"end":{"line":56,"column":1}}]},"3":{"loc":{"start":{"line":44,"column":4},"end":{"line":44,"column":61}},"type":"binary-expr","locations":[{"start":{"line":44,"column":4},"end":{"line":44,"column":34}},{"start":{"line":44,"column":38},"end":{"line":44,"column":61}}]}},"s":{"0":0,"1":0,"2":0,"3":0,"4":0,"5":0,"6":0,"7":0,"8":0,"9":0,"10":0,"11":0,"12":0,"13":0,"14":0,"15":0,"16":0,"17":0,"18":0,"19":0,"20":0,"21":0,"22":0,"23":0,"24":0,"25":0},"f":{"0":0,"1":0,"2":0,"3":0},"b":{"0":[0],"1":[0,0],"2":[0],"3":[0,0]}}
,"/home/t/klposter/backend/src/db/mock.ts": {"path":"/home/t/klposter/backend/src/db/mock.ts","statementMap":{"0":{"start":{"line":8,"column":0},"end":{"line":8,"column":41}},"1":{"start":{"line":9,"column":0},"end":{"line":9,"column":35}},"2":{"start":{"line":77,"column":9},"end":{"line":77,"column":15}},"3":{"start":{"line":13,"column":40},"end":{"line":17,"column":4}},"4":{"start":{"line":21,"column":4},"end":{"line":25,"column":6}},"5":{"start":{"line":22,"column":17},"end":{"line":22,"column":44}},"6":{"start":{"line":23,"column":17},"end":{"line":23,"column":33}},"7":{"start":{"line":24,"column":20},"end":{"line":24,"column":54}},"8":{"start":{"line":24,"column":33},"end":{"line":24,"column":35}},"9":{"start":{"line":24,"column":48},"end":{"line":24,"column":52}},"10":{"start":{"line":29,"column":4},"end":{"line":31,"column":5}},"11":{"start":{"line":30,"column":6},"end":{"line":30,"column":28}},"12":{"start":{"line":32,"column":4},"end":{"line":32,"column":32}},"13":{"start":{"line":33,"column":4},"end":{"line":33,"column":39}},"14":{"start":{"line":33,"column":30},"end":{"line":33,"column":36}},"15":{"start":{"line":37,"column":4},"end":{"line":41,"column":6}},"16":{"start":{"line":38,"column":18},"end":{"line":40,"column":8}},"17":{"start":{"line":39,"column":22},"end":{"line":39,"column":62}},"18":{"start":{"line":39,"column":40},"end":{"line":39,"column":59}},"19":{"start":{"line":45,"column":4},"end":{"line":47,"column":6}},"20":{"start":{"line":46,"column":20},"end":{"line":46,"column":60}},"21":{"start":{"line":46,"column":38},"end":{"line":46,"column":57}},"22":{"start":{"line":52,"column":4},"end":{"line":56,"column":6}},"23":{"start":{"line":61,"column":15},"end":{"line":61,"column":33}},"24":{"start":{"line":62,"column":0},"end":{"line":62,"column":51}},"25":{"start":{"line":65,"column":13},"end":{"line":74,"column":2}},"26":{"start":{"line":66,"column":26},"end":{"line":66,"column":52}},"27":{"start":{"line":67,"column":27},"end":{"line":69,"column":4}},"28":{"start":{"line":68,"column":27},"end":{"line":68,"column":58}},"29":{"start":{"line":70,"column":26},"end":{"line":70,"column":51}},"30":{"start":{"line":71,"column":26},"end":{"line":71,"column":51}},"31":{"start":{"line":72,"column":33},"end":{"line":72,"column":43}}},"fnMap":{"0":{"name":"(anonymous_9)","decl":{"start":{"line":20,"column":9},"end":{"line":20,"column":15}},"loc":{"start":{"line":20,"column":29},"end":{"line":26,"column":3}}},"1":{"name":"(anonymous_10)","decl":{"start":{"line":22,"column":11},"end":{"line":22,"column":14}},"loc":{"start":{"line":22,"column":17},"end":{"line":22,"column":44}}},"2":{"name":"(anonymous_11)","decl":{"start":{"line":23,"column":11},"end":{"line":23,"column":14}},"loc":{"start":{"line":23,"column":17},"end":{"line":23,"column":33}}},"3":{"name":"(anonymous_12)","decl":{"start":{"line":24,"column":13},"end":{"line":24,"column":16}},"loc":{"start":{"line":24,"column":20},"end":{"line":24,"column":54}}},"4":{"name":"(anonymous_13)","decl":{"start":{"line":24,"column":27},"end":{"line":24,"column":30}},"loc":{"start":{"line":24,"column":33},"end":{"line":24,"column":35}}},"5":{"name":"(anonymous_14)","decl":{"start":{"line":24,"column":42},"end":{"line":24,"column":45}},"loc":{"start":{"line":24,"column":48},"end":{"line":24,"column":52}}},"6":{"name":"(anonymous_15)","decl":{"start":{"line":28,"column":9},"end":{"line":28,"column":15}},"loc":{"start":{"line":28,"column":40},"end":{"line":34,"column":3}}},"7":{"name":"(anonymous_16)","decl":{"start":{"line":33,"column":24},"end":{"line":33,"column":27}},"loc":{"start":{"line":33,"column":30},"end":{"line":33,"column":36}}},"8":{"name":"(anonymous_17)","decl":{"start":{"line":36,"column":9},"end":{"line":36,"column":15}},"loc":{"start":{"line":36,"column":29},"end":{"line":42,"column":3}}},"9":{"name":"(anonymous_18)","decl":{"start":{"line":38,"column":11},"end":{"line":38,"column":14}},"loc":{"start":{"line":38,"column":18},"end":{"line":40,"column":8}}},"10":{"name":"(anonymous_19)","decl":{"start":{"line":39,"column":15},"end":{"line":39,"column":18}},"loc":{"start":{"line":39,"column":22},"end":{"line":39,"column":62}}},"11":{"name":"(anonymous_20)","decl":{"start":{"line":39,"column":33},"end":{"line":39,"column":36}},"loc":{"start":{"line":39,"column":40},"end":{"line":39,"column":59}}},"12":{"name":"(anonymous_21)","decl":{"start":{"line":44,"column":9},"end":{"line":44,"column":15}},"loc":{"start":{"line":44,"column":29},"end":{"line":48,"column":3}}},"13":{"name":"(anonymous_22)","decl":{"start":{"line":46,"column":13},"end":{"line":46,"column":16}},"loc":{"start":{"line":46,"column":20},"end":{"line":46,"column":60}}},"14":{"name":"(anonymous_23)","decl":{"start":{"line":46,"column":31},"end":{"line":46,"column":34}},"loc":{"start":{"line":46,"column":38},"end":{"line":46,"column":57}}},"15":{"name":"(anonymous_24)","decl":{"start":{"line":51,"column":9},"end":{"line":51,"column":14}},"loc":{"start":{"line":51,"column":14},"end":{"line":57,"column":3}}},"16":{"name":"(anonymous_25)","decl":{"start":{"line":66,"column":10},"end":{"line":66,"column":11}},"loc":{"start":{"line":66,"column":26},"end":{"line":66,"column":52}}},"17":{"name":"(anonymous_26)","decl":{"start":{"line":67,"column":10},"end":{"line":67,"column":11}},"loc":{"start":{"line":67,"column":27},"end":{"line":69,"column":4}}},"18":{"name":"(anonymous_27)","decl":{"start":{"line":68,"column":12},"end":{"line":68,"column":13}},"loc":{"start":{"line":68,"column":27},"end":{"line":68,"column":58}}},"19":{"name":"(anonymous_28)","decl":{"start":{"line":70,"column":10},"end":{"line":70,"column":11}},"loc":{"start":{"line":70,"column":26},"end":{"line":70,"column":51}}},"20":{"name":"(anonymous_29)","decl":{"start":{"line":71,"column":10},"end":{"line":71,"column":11}},"loc":{"start":{"line":71,"column":26},"end":{"line":71,"column":51}}},"21":{"name":"(anonymous_30)","decl":{"start":{"line":72,"column":15},"end":{"line":72,"column":16}},"loc":{"start":{"line":72,"column":33},"end":{"line":72,"column":43}}}},"branchMap":{"0":{"loc":{"start":{"line":22,"column":17},"end":{"line":22,"column":44}},"type":"binary-expr","locations":[{"start":{"line":22,"column":17},"end":{"line":22,"column":36}},{"start":{"line":22,"column":40},"end":{"line":22,"column":44}}]},"1":{"loc":{"start":{"line":29,"column":4},"end":{"line":31,"column":5}},"type":"if","locations":[{"start":{"line":29,"column":4},"end":{"line":31,"column":5}}]}},"s":{"0":0,"1":0,"2":0,"3":0,"4":0,"5":0,"6":0,"7":0,"8":0,"9":0,"10":0,"11":0,"12":0,"13":0,"14":0,"15":0,"16":0,"17":0,"18":0,"19":0,"20":0,"21":0,"22":0,"23":0,"24":0,"25":0,"26":0,"27":0,"28":0,"29":0,"30":0,"31":0},"f":{"0":0,"1":0,"2":0,"3":0,"4":0,"5":0,"6":0,"7":0,"8":0,"9":0,"10":0,"11":0,"12":0,"13":0,"14":0,"15":0,"16":0,"17":0,"18":0,"19":0,"20":0,"21":0},"b":{"0":[0,0],"1":[0]}}
,"/home/t/klposter/backend/src/db/schema.ts": {"path":"/home/t/klposter/backend/src/db/schema.ts","statementMap":{"0":{"start":{"line":1,"column":0},"end":{"line":1,"column":69}},"1":{"start":{"line":7,"column":13},"end":{"line":17,"column":3}},"2":{"start":{"line":23,"column":13},"end":{"line":42,"column":3}},"3":{"start":{"line":25,"column":53},"end":{"line":25,"column":61}},"4":{"start":{"line":48,"column":13},"end":{"line":55,"column":3}}},"fnMap":{"0":{"name":"(anonymous_0)","decl":{"start":{"line":25,"column":47},"end":{"line":25,"column":50}},"loc":{"start":{"line":25,"column":53},"end":{"line":25,"column":61}}}},"branchMap":{},"s":{"0":0,"1":0,"2":0,"3":0,"4":0},"f":{"0":0},"b":{}}
,"/home/t/klposter/backend/src/db/setup.ts": {"path":"/home/t/klposter/backend/src/db/setup.ts","statementMap":{"0":{"start":{"line":9,"column":0},"end":{"line":9,"column":42}},"1":{"start":{"line":10,"column":0},"end":{"line":10,"column":41}},"2":{"start":{"line":15,"column":29},"end":{"line":27,"column":1}},"3":{"start":{"line":16,"column":2},"end":{"line":26,"column":3}},"4":{"start":{"line":17,"column":4},"end":{"line":17,"column":46}},"5":{"start":{"line":20,"column":4},"end":{"line":20,"column":26}},"6":{"start":{"line":22,"column":4},"end":{"line":22,"column":57}},"7":{"start":{"line":24,"column":4},"end":{"line":24,"column":50}},"8":{"start":{"line":25,"column":4},"end":{"line":25,"column":49}},"9":{"start":{"line":15,"column":13},"end":{"line":15,"column":29}},"10":{"start":{"line":31,"column":0},"end":{"line":43,"column":1}},"11":{"start":{"line":32,"column":2},"end":{"line":42,"column":7}},"12":{"start":{"line":34,"column":6},"end":{"line":34,"column":58}},"13":{"start":{"line":36,"column":6},"end":{"line":36,"column":22}},"14":{"start":{"line":39,"column":6},"end":{"line":39,"column":43}},"15":{"start":{"line":41,"column":6},"end":{"line":41,"column":22}}},"fnMap":{"0":{"name":"(anonymous_0)","decl":{"start":{"line":15,"column":29},"end":{"line":15,"column":34}},"loc":{"start":{"line":15,"column":55},"end":{"line":27,"column":1}}},"1":{"name":"(anonymous_1)","decl":{"start":{"line":33,"column":10},"end":{"line":33,"column":13}},"loc":{"start":{"line":33,"column":15},"end":{"line":37,"column":5}}},"2":{"name":"(anonymous_2)","decl":{"start":{"line":38,"column":11},"end":{"line":38,"column":12}},"loc":{"start":{"line":38,"column":21},"end":{"line":42,"column":5}}}},"branchMap":{"0":{"loc":{"start":{"line":31,"column":0},"end":{"line":43,"column":1}},"type":"if","locations":[{"start":{"line":31,"column":0},"end":{"line":43,"column":1}}]},"1":{"loc":{"start":{"line":31,"column":4},"end":{"line":31,"column":61}},"type":"binary-expr","locations":[{"start":{"line":31,"column":4},"end":{"line":31,"column":34}},{"start":{"line":31,"column":38},"end":{"line":31,"column":61}}]}},"s":{"0":0,"1":0,"2":0,"3":0,"4":0,"5":0,"6":0,"7":0,"8":0,"9":0,"10":0,"11":0,"12":0,"13":0,"14":0,"15":0},"f":{"0":0,"1":0,"2":0},"b":{"0":[0],"1":[0,0]}}
,"/home/t/klposter/backend/src/lib/api/lastfm.ts": {"path":"/home/t/klposter/backend/src/lib/api/lastfm.ts","statementMap":{"0":{"start":{"line":1,"column":0},"end":{"line":1,"column":26}},"1":{"start":{"line":2,"column":0},"end":{"line":2,"column":44}},"2":{"start":{"line":5,"column":24},"end":{"line":5,"column":60}},"3":{"start":{"line":20,"column":29},"end":{"line":20,"column":65}},"4":{"start":{"line":23,"column":4},"end":{"line":23,"column":25}},"5":{"start":{"line":27,"column":4},"end":{"line":32,"column":6}},"6":{"start":{"line":36,"column":4},"end":{"line":59,"column":5}},"7":{"start":{"line":37,"column":23},"end":{"line":44,"column":null}},"8":{"start":{"line":47,"column":6},"end":{"line":49,"column":7}},"9":{"start":{"line":48,"column":8},"end":{"line":48,"column":79}},"10":{"start":{"line":51,"column":6},"end":{"line":53,"column":7}},"11":{"start":{"line":52,"column":8},"end":{"line":52,"column":43}},"12":{"start":{"line":55,"column":6},"end":{"line":55,"column":33}},"13":{"start":{"line":57,"column":6},"end":{"line":57,"column":47}},"14":{"start":{"line":58,"column":6},"end":{"line":58,"column":18}},"15":{"start":{"line":63,"column":4},"end":{"line":82,"column":5}},"16":{"start":{"line":64,"column":23},"end":{"line":71,"column":null}},"17":{"start":{"line":74,"column":6},"end":{"line":76,"column":7}},"18":{"start":{"line":75,"column":8},"end":{"line":75,"column":76}},"19":{"start":{"line":78,"column":6},"end":{"line":78,"column":39}},"20":{"start":{"line":80,"column":6},"end":{"line":80,"column":47}},"21":{"start":{"line":81,"column":6},"end":{"line":81,"column":18}},"22":{"start":{"line":86,"column":4},"end":{"line":100,"column":5}},"23":{"start":{"line":87,"column":23},"end":{"line":95,"column":8}},"24":{"start":{"line":96,"column":6},"end":{"line":96,"column":27}},"25":{"start":{"line":98,"column":6},"end":{"line":98,"column":47}},"26":{"start":{"line":99,"column":6},"end":{"line":99,"column":18}},"27":{"start":{"line":18,"column":0},"end":{"line":18,"column":13}}},"fnMap":{"0":{"name":"(anonymous_1)","decl":{"start":{"line":22,"column":2},"end":{"line":22,"column":14}},"loc":{"start":{"line":22,"column":63},"end":{"line":24,"column":3}}},"1":{"name":"(anonymous_2)","decl":{"start":{"line":26,"column":10},"end":{"line":26,"column":19}},"loc":{"start":{"line":26,"column":71},"end":{"line":33,"column":3}}},"2":{"name":"(anonymous_3)","decl":{"start":{"line":35,"column":2},"end":{"line":35,"column":7}},"loc":{"start":{"line":35,"column":46},"end":{"line":60,"column":3}}},"3":{"name":"(anonymous_4)","decl":{"start":{"line":62,"column":2},"end":{"line":62,"column":7}},"loc":{"start":{"line":62,"column":33},"end":{"line":83,"column":3}}},"4":{"name":"(anonymous_5)","decl":{"start":{"line":85,"column":2},"end":{"line":85,"column":7}},"loc":{"start":{"line":85,"column":50},"end":{"line":101,"column":3}}}},"branchMap":{"0":{"loc":{"start":{"line":22,"column":14},"end":{"line":22,"column":63}},"type":"default-arg","locations":[{"start":{"line":22,"column":31},"end":{"line":22,"column":63}}]},"1":{"loc":{"start":{"line":22,"column":31},"end":{"line":22,"column":63}},"type":"binary-expr","locations":[{"start":{"line":22,"column":31},"end":{"line":22,"column":57}},{"start":{"line":22,"column":61},"end":{"line":22,"column":63}}]},"2":{"loc":{"start":{"line":26,"column":36},"end":{"line":26,"column":71}},"type":"default-arg","locations":[{"start":{"line":26,"column":69},"end":{"line":26,"column":71}}]},"3":{"loc":{"start":{"line":47,"column":6},"end":{"line":49,"column":7}},"type":"if","locations":[{"start":{"line":47,"column":6},"end":{"line":49,"column":7}}]},"4":{"loc":{"start":{"line":48,"column":24},"end":{"line":48,"column":77}},"type":"binary-expr","locations":[{"start":{"line":48,"column":24},"end":{"line":48,"column":45}},{"start":{"line":48,"column":49},"end":{"line":48,"column":77}}]},"5":{"loc":{"start":{"line":51,"column":6},"end":{"line":53,"column":7}},"type":"if","locations":[{"start":{"line":51,"column":6},"end":{"line":53,"column":7}}]},"6":{"loc":{"start":{"line":74,"column":6},"end":{"line":76,"column":7}},"type":"if","locations":[{"start":{"line":74,"column":6},"end":{"line":76,"column":7}}]},"7":{"loc":{"start":{"line":75,"column":24},"end":{"line":75,"column":74}},"type":"binary-expr","locations":[{"start":{"line":75,"column":24},"end":{"line":75,"column":45}},{"start":{"line":75,"column":49},"end":{"line":75,"column":74}}]},"8":{"loc":{"start":{"line":78,"column":13},"end":{"line":78,"column":38}},"type":"binary-expr","locations":[{"start":{"line":78,"column":13},"end":{"line":78,"column":32}},{"start":{"line":78,"column":36},"end":{"line":78,"column":38}}]}},"s":{"0":0,"1":0,"2":0,"3":0,"4":0,"5":0,"6":0,"7":0,"8":0,"9":0,"10":0,"11":0,"12":0,"13":0,"14":0,"15":0,"16":0,"17":0,"18":0,"19":0,"20":0,"21":0,"22":0,"23":0,"24":0,"25":0,"26":0,"27":0},"f":{"0":0,"1":0,"2":0,"3":0,"4":0},"b":{"0":[0],"1":[0,0],"2":[0],"3":[0],"4":[0,0],"5":[0],"6":[0],"7":[0,0],"8":[0,0]}}
,"/home/t/klposter/backend/src/lib/api/spotify.ts": {"path":"/home/t/klposter/backend/src/lib/api/spotify.ts","statementMap":{"0":{"start":{"line":1,"column":0},"end":{"line":1,"column":26}},"1":{"start":{"line":2,"column":0},"end":{"line":2,"column":44}},"2":{"start":{"line":5,"column":25},"end":{"line":5,"column":53}},"3":{"start":{"line":26,"column":29},"end":{"line":26,"column":57}},"4":{"start":{"line":27,"column":39},"end":{"line":27,"column":43}},"5":{"start":{"line":28,"column":32},"end":{"line":28,"column":33}},"6":{"start":{"line":34,"column":4},"end":{"line":34,"column":29}},"7":{"start":{"line":35,"column":4},"end":{"line":35,"column":37}},"8":{"start":{"line":39,"column":4},"end":{"line":41,"column":5}},"9":{"start":{"line":40,"column":6},"end":{"line":40,"column":30}},"10":{"start":{"line":43,"column":4},"end":{"line":65,"column":5}},"11":{"start":{"line":44,"column":19},"end":{"line":44,"column":90}},"12":{"start":{"line":45,"column":23},"end":{"line":53,"column":8}},"13":{"start":{"line":55,"column":6},"end":{"line":57,"column":7}},"14":{"start":{"line":56,"column":8},"end":{"line":56,"column":65}},"15":{"start":{"line":59,"column":6},"end":{"line":59,"column":52}},"16":{"start":{"line":60,"column":6},"end":{"line":60,"column":72}},"17":{"start":{"line":61,"column":6},"end":{"line":61,"column":30}},"18":{"start":{"line":63,"column":6},"end":{"line":63,"column":65}},"19":{"start":{"line":64,"column":6},"end":{"line":64,"column":18}},"20":{"start":{"line":69,"column":4},"end":{"line":83,"column":5}},"21":{"start":{"line":70,"column":20},"end":{"line":70,"column":47}},"22":{"start":{"line":71,"column":23},"end":{"line":78,"column":8}},"23":{"start":{"line":79,"column":6},"end":{"line":79,"column":27}},"24":{"start":{"line":81,"column":6},"end":{"line":81,"column":48}},"25":{"start":{"line":82,"column":6},"end":{"line":82,"column":18}},"26":{"start":{"line":87,"column":4},"end":{"line":96,"column":5}},"27":{"start":{"line":88,"column":20},"end":{"line":88,"column":47}},"28":{"start":{"line":89,"column":23},"end":{"line":91,"column":8}},"29":{"start":{"line":92,"column":6},"end":{"line":92,"column":27}},"30":{"start":{"line":94,"column":6},"end":{"line":94,"column":48}},"31":{"start":{"line":95,"column":6},"end":{"line":95,"column":18}},"32":{"start":{"line":23,"column":0},"end":{"line":23,"column":13}}},"fnMap":{"0":{"name":"(anonymous_1)","decl":{"start":{"line":30,"column":2},"end":{"line":30,"column":null}},"loc":{"start":{"line":32,"column":66},"end":{"line":36,"column":3}}},"1":{"name":"(anonymous_2)","decl":{"start":{"line":38,"column":10},"end":{"line":38,"column":15}},"loc":{"start":{"line":38,"column":30},"end":{"line":66,"column":3}}},"2":{"name":"(anonymous_3)","decl":{"start":{"line":68,"column":2},"end":{"line":68,"column":7}},"loc":{"start":{"line":68,"column":33},"end":{"line":84,"column":3}}},"3":{"name":"(anonymous_4)","decl":{"start":{"line":86,"column":2},"end":{"line":86,"column":7}},"loc":{"start":{"line":86,"column":32},"end":{"line":97,"column":3}}}},"branchMap":{"0":{"loc":{"start":{"line":31,"column":4},"end":{"line":31,"column":58}},"type":"default-arg","locations":[{"start":{"line":31,"column":23},"end":{"line":31,"column":58}}]},"1":{"loc":{"start":{"line":31,"column":23},"end":{"line":31,"column":58}},"type":"binary-expr","locations":[{"start":{"line":31,"column":23},"end":{"line":31,"column":52}},{"start":{"line":31,"column":56},"end":{"line":31,"column":58}}]},"2":{"loc":{"start":{"line":32,"column":4},"end":{"line":32,"column":66}},"type":"default-arg","locations":[{"start":{"line":32,"column":27},"end":{"line":32,"column":66}}]},"3":{"loc":{"start":{"line":32,"column":27},"end":{"line":32,"column":66}},"type":"binary-expr","locations":[{"start":{"line":32,"column":27},"end":{"line":32,"column":60}},{"start":{"line":32,"column":64},"end":{"line":32,"column":66}}]},"4":{"loc":{"start":{"line":39,"column":4},"end":{"line":41,"column":5}},"type":"if","locations":[{"start":{"line":39,"column":4},"end":{"line":41,"column":5}}]},"5":{"loc":{"start":{"line":39,"column":8},"end":{"line":39,"column":57}},"type":"binary-expr","locations":[{"start":{"line":39,"column":8},"end":{"line":39,"column":24}},{"start":{"line":39,"column":28},"end":{"line":39,"column":57}}]},"6":{"loc":{"start":{"line":55,"column":6},"end":{"line":57,"column":7}},"type":"if","locations":[{"start":{"line":55,"column":6},"end":{"line":57,"column":7}}]}},"s":{"0":0,"1":0,"2":0,"3":0,"4":0,"5":0,"6":0,"7":0,"8":0,"9":0,"10":0,"11":0,"12":0,"13":0,"14":0,"15":0,"16":0,"17":0,"18":0,"19":0,"20":0,"21":0,"22":0,"23":0,"24":0,"25":0,"26":0,"27":0,"28":0,"29":0,"30":0,"31":0,"32":0},"f":{"0":0,"1":0,"2":0,"3":0},"b":{"0":[0],"1":[0,0],"2":[0],"3":[0,0],"4":[0],"5":[0,0],"6":[0]}}
,"/home/t/klposter/backend/src/middleware/auth-middleware.ts": {"path":"/home/t/klposter/backend/src/middleware/auth-middleware.ts","statementMap":{"0":{"start":{"line":2,"column":0},"end":{"line":2,"column":43}},"1":{"start":{"line":7,"column":31},"end":{"line":13,"column":1}},"2":{"start":{"line":8,"column":2},"end":{"line":10,"column":3}},"3":{"start":{"line":9,"column":4},"end":{"line":9,"column":18}},"4":{"start":{"line":12,"column":2},"end":{"line":12,"column":53}},"5":{"start":{"line":7,"column":13},"end":{"line":7,"column":31}},"6":{"start":{"line":18,"column":23},"end":{"line":39,"column":1}},"7":{"start":{"line":19,"column":2},"end":{"line":21,"column":3}},"8":{"start":{"line":20,"column":4},"end":{"line":20,"column":55}},"9":{"start":{"line":24,"column":15},"end":{"line":24,"column":30}},"10":{"start":{"line":25,"column":17},"end":{"line":25,"column":59}},"11":{"start":{"line":28,"column":24},"end":{"line":28,"column":52}},"12":{"start":{"line":29,"column":23},"end":{"line":32,"column":4}},"13":{"start":{"line":30,"column":4},"end":{"line":31,"column":37}},"14":{"start":{"line":34,"column":2},"end":{"line":36,"column":3}},"15":{"start":{"line":35,"column":4},"end":{"line":35,"column":18}},"16":{"start":{"line":38,"column":2},"end":{"line":38,"column":55}},"17":{"start":{"line":18,"column":13},"end":{"line":18,"column":23}}},"fnMap":{"0":{"name":"(anonymous_0)","decl":{"start":{"line":7,"column":31},"end":{"line":7,"column":32}},"loc":{"start":{"line":7,"column":83},"end":{"line":13,"column":1}}},"1":{"name":"(anonymous_1)","decl":{"start":{"line":18,"column":23},"end":{"line":18,"column":24}},"loc":{"start":{"line":18,"column":75},"end":{"line":39,"column":1}}},"2":{"name":"(anonymous_2)","decl":{"start":{"line":29,"column":35},"end":{"line":29,"column":36}},"loc":{"start":{"line":30,"column":4},"end":{"line":31,"column":37}}}},"branchMap":{"0":{"loc":{"start":{"line":8,"column":2},"end":{"line":10,"column":3}},"type":"if","locations":[{"start":{"line":8,"column":2},"end":{"line":10,"column":3}}]},"1":{"loc":{"start":{"line":19,"column":2},"end":{"line":21,"column":3}},"type":"if","locations":[{"start":{"line":19,"column":2},"end":{"line":21,"column":3}}]},"2":{"loc":{"start":{"line":25,"column":17},"end":{"line":25,"column":59}},"type":"cond-expr","locations":[{"start":{"line":25,"column":31},"end":{"line":25,"column":54}},{"start":{"line":25,"column":57},"end":{"line":25,"column":59}}]},"3":{"loc":{"start":{"line":30,"column":4},"end":{"line":31,"column":37}},"type":"binary-expr","locations":[{"start":{"line":30,"column":4},"end":{"line":30,"column":30}},{"start":{"line":31,"column":4},"end":{"line":31,"column":37}}]},"4":{"loc":{"start":{"line":34,"column":2},"end":{"line":36,"column":3}},"type":"if","locations":[{"start":{"line":34,"column":2},"end":{"line":36,"column":3}}]}},"s":{"0":0,"1":0,"2":0,"3":0,"4":0,"5":0,"6":0,"7":0,"8":0,"9":0,"10":0,"11":0,"12":0,"13":0,"14":0,"15":0,"16":0,"17":0},"f":{"0":0,"1":0,"2":0},"b":{"0":[0],"1":[0],"2":[0,0],"3":[0,0],"4":[0]}}
,"/home/t/klposter/backend/src/middleware/auth.middleware.ts": {"path":"/home/t/klposter/backend/src/middleware/auth.middleware.ts","statementMap":{"0":{"start":{"line":7,"column":0},"end":{"line":7,"column":16}},"1":{"start":{"line":2,"column":0},"end":{"line":2,"column":41}},"2":{"start":{"line":8,"column":2},"end":{"line":11,"column":3}},"3":{"start":{"line":9,"column":4},"end":{"line":9,"column":47}},"4":{"start":{"line":10,"column":4},"end":{"line":10,"column":59}},"5":{"start":{"line":12,"column":2},"end":{"line":12,"column":9}}},"fnMap":{"0":{"name":"isAuthenticated","decl":{"start":{"line":7,"column":16},"end":{"line":7,"column":31}},"loc":{"start":{"line":7,"column":79},"end":{"line":13,"column":1}}}},"branchMap":{"0":{"loc":{"start":{"line":8,"column":2},"end":{"line":11,"column":3}},"type":"if","locations":[{"start":{"line":8,"column":2},"end":{"line":11,"column":3}}]}},"s":{"0":0,"1":0,"2":0,"3":0,"4":0,"5":0},"f":{"0":0},"b":{"0":[0]}}
,"/home/t/klposter/backend/src/middleware/auth.ts": {"path":"/home/t/klposter/backend/src/middleware/auth.ts","statementMap":{"0":{"start":{"line":6,"column":31},"end":{"line":11,"column":1}},"1":{"start":{"line":7,"column":2},"end":{"line":9,"column":3}},"2":{"start":{"line":8,"column":4},"end":{"line":8,"column":18}},"3":{"start":{"line":10,"column":2},"end":{"line":10,"column":66}},"4":{"start":{"line":6,"column":13},"end":{"line":6,"column":31}},"5":{"start":{"line":16,"column":29},"end":{"line":31,"column":1}},"6":{"start":{"line":17,"column":2},"end":{"line":30,"column":4}},"7":{"start":{"line":18,"column":4},"end":{"line":20,"column":5}},"8":{"start":{"line":19,"column":6},"end":{"line":19,"column":87}},"9":{"start":{"line":22,"column":19},"end":{"line":22,"column":46}},"10":{"start":{"line":23,"column":21},"end":{"line":23,"column":70}},"11":{"start":{"line":23,"column":49},"end":{"line":23,"column":69}},"12":{"start":{"line":25,"column":4},"end":{"line":27,"column":5}},"13":{"start":{"line":26,"column":6},"end":{"line":26,"column":20}},"14":{"start":{"line":29,"column":4},"end":{"line":29,"column":103}},"15":{"start":{"line":16,"column":13},"end":{"line":16,"column":29}},"16":{"start":{"line":36,"column":23},"end":{"line":57,"column":1}},"17":{"start":{"line":37,"column":2},"end":{"line":56,"column":4}},"18":{"start":{"line":38,"column":4},"end":{"line":40,"column":5}},"19":{"start":{"line":39,"column":6},"end":{"line":39,"column":87}},"20":{"start":{"line":42,"column":19},"end":{"line":42,"column":46}},"21":{"start":{"line":43,"column":18},"end":{"line":43,"column":59}},"22":{"start":{"line":43,"column":42},"end":{"line":43,"column":58}},"23":{"start":{"line":45,"column":4},"end":{"line":47,"column":5}},"24":{"start":{"line":46,"column":6},"end":{"line":46,"column":112}},"25":{"start":{"line":50,"column":28},"end":{"line":50,"column":57}},"26":{"start":{"line":51,"column":4},"end":{"line":53,"column":5}},"27":{"start":{"line":52,"column":6},"end":{"line":52,"column":20}},"28":{"start":{"line":55,"column":4},"end":{"line":55,"column":85}},"29":{"start":{"line":36,"column":13},"end":{"line":36,"column":23}}},"fnMap":{"0":{"name":"(anonymous_0)","decl":{"start":{"line":6,"column":31},"end":{"line":6,"column":32}},"loc":{"start":{"line":6,"column":83},"end":{"line":11,"column":1}}},"1":{"name":"(anonymous_1)","decl":{"start":{"line":16,"column":29},"end":{"line":16,"column":30}},"loc":{"start":{"line":16,"column":49},"end":{"line":31,"column":1}}},"2":{"name":"(anonymous_2)","decl":{"start":{"line":17,"column":9},"end":{"line":17,"column":10}},"loc":{"start":{"line":17,"column":61},"end":{"line":30,"column":3}}},"3":{"name":"(anonymous_3)","decl":{"start":{"line":23,"column":33},"end":{"line":23,"column":34}},"loc":{"start":{"line":23,"column":49},"end":{"line":23,"column":69}}},"4":{"name":"(anonymous_4)","decl":{"start":{"line":36,"column":23},"end":{"line":36,"column":24}},"loc":{"start":{"line":36,"column":59},"end":{"line":57,"column":1}}},"5":{"name":"(anonymous_5)","decl":{"start":{"line":37,"column":9},"end":{"line":37,"column":10}},"loc":{"start":{"line":37,"column":61},"end":{"line":56,"column":3}}},"6":{"name":"(anonymous_6)","decl":{"start":{"line":43,"column":30},"end":{"line":43,"column":31}},"loc":{"start":{"line":43,"column":42},"end":{"line":43,"column":58}}}},"branchMap":{"0":{"loc":{"start":{"line":7,"column":2},"end":{"line":9,"column":3}},"type":"if","locations":[{"start":{"line":7,"column":2},"end":{"line":9,"column":3}}]},"1":{"loc":{"start":{"line":18,"column":4},"end":{"line":20,"column":5}},"type":"if","locations":[{"start":{"line":18,"column":4},"end":{"line":20,"column":5}}]},"2":{"loc":{"start":{"line":25,"column":4},"end":{"line":27,"column":5}},"type":"if","locations":[{"start":{"line":25,"column":4},"end":{"line":27,"column":5}}]},"3":{"loc":{"start":{"line":38,"column":4},"end":{"line":40,"column":5}},"type":"if","locations":[{"start":{"line":38,"column":4},"end":{"line":40,"column":5}}]},"4":{"loc":{"start":{"line":45,"column":4},"end":{"line":47,"column":5}},"type":"if","locations":[{"start":{"line":45,"column":4},"end":{"line":47,"column":5}}]},"5":{"loc":{"start":{"line":51,"column":4},"end":{"line":53,"column":5}},"type":"if","locations":[{"start":{"line":51,"column":4},"end":{"line":53,"column":5}}]}},"s":{"0":0,"1":0,"2":0,"3":0,"4":0,"5":0,"6":0,"7":0,"8":0,"9":0,"10":0,"11":0,"12":0,"13":0,"14":0,"15":0,"16":0,"17":0,"18":0,"19":0,"20":0,"21":0,"22":0,"23":0,"24":0,"25":0,"26":0,"27":0,"28":0,"29":0},"f":{"0":0,"1":0,"2":0,"3":0,"4":0,"5":0,"6":0},"b":{"0":[0],"1":[0],"2":[0],"3":[0],"4":[0],"5":[0]}}
,"/home/t/klposter/backend/src/middleware/error-handler.ts": {"path":"/home/t/klposter/backend/src/middleware/error-handler.ts","statementMap":{"0":{"start":{"line":2,"column":0},"end":{"line":2,"column":41}},"1":{"start":{"line":11,"column":4},"end":{"line":11,"column":19}},"2":{"start":{"line":12,"column":4},"end":{"line":12,"column":33}},"3":{"start":{"line":13,"column":4},"end":{"line":13,"column":38}},"4":{"start":{"line":14,"column":4},"end":{"line":14,"column":52}},"5":{"start":{"line":7,"column":0},"end":{"line":7,"column":13}},"6":{"start":{"line":21,"column":28},"end":{"line":49,"column":1}},"7":{"start":{"line":29,"column":2},"end":{"line":29,"column":46}},"8":{"start":{"line":30,"column":2},"end":{"line":32,"column":3}},"9":{"start":{"line":31,"column":4},"end":{"line":31,"column":28}},"10":{"start":{"line":35,"column":2},"end":{"line":41,"column":3}},"11":{"start":{"line":36,"column":4},"end":{"line":40,"column":7}},"12":{"start":{"line":44,"column":2},"end":{"line":48,"column":5}},"13":{"start":{"line":21,"column":13},"end":{"line":21,"column":28}}},"fnMap":{"0":{"name":"(anonymous_0)","decl":{"start":{"line":10,"column":2},"end":{"line":10,"column":14}},"loc":{"start":{"line":10,"column":49},"end":{"line":15,"column":3}}},"1":{"name":"(anonymous_1)","decl":{"start":{"line":21,"column":28},"end":{"line":21,"column":null}},"loc":{"start":{"line":27,"column":4},"end":{"line":49,"column":1}}}},"branchMap":{"0":{"loc":{"start":{"line":30,"column":2},"end":{"line":32,"column":3}},"type":"if","locations":[{"start":{"line":30,"column":2},"end":{"line":32,"column":3}}]},"1":{"loc":{"start":{"line":35,"column":2},"end":{"line":41,"column":3}},"type":"if","locations":[{"start":{"line":35,"column":2},"end":{"line":41,"column":3}}]}},"s":{"0":0,"1":0,"2":0,"3":0,"4":0,"5":0,"6":0,"7":0,"8":0,"9":0,"10":0,"11":0,"12":0,"13":0},"f":{"0":0,"1":0},"b":{"0":[0],"1":[0]}}
,"/home/t/klposter/backend/src/middleware/post-validator.ts": {"path":"/home/t/klposter/backend/src/middleware/post-validator.ts","statementMap":{"0":{"start":{"line":1,"column":0},"end":{"line":1,"column":55}},"1":{"start":{"line":4,"column":13},"end":{"line":19,"column":2}},"2":{"start":{"line":21,"column":13},"end":{"line":39,"column":2}},"3":{"start":{"line":41,"column":13},"end":{"line":43,"column":2}},"4":{"start":{"line":45,"column":13},"end":{"line":47,"column":2}},"5":{"start":{"line":49,"column":13},"end":{"line":54,"column":2}}},"fnMap":{},"branchMap":{},"s":{"0":0,"1":0,"2":0,"3":0,"4":0,"5":0},"f":{},"b":{}}
,"/home/t/klposter/backend/src/routes/album.routes.ts": {"path":"/home/t/klposter/backend/src/routes/album.routes.ts","statementMap":{"0":{"start":{"line":1,"column":0},"end":{"line":1,"column":33}},"1":{"start":{"line":2,"column":0},"end":{"line":2,"column":66}},"2":{"start":{"line":3,"column":0},"end":{"line":3,"column":64}},"3":{"start":{"line":5,"column":15},"end":{"line":5,"column":23}},"4":{"start":{"line":6,"column":24},"end":{"line":6,"column":45}},"5":{"start":{"line":9,"column":0},"end":{"line":9,"column":90}},"6":{"start":{"line":11,"column":0},"end":{"line":11,"column":22}}},"fnMap":{},"branchMap":{},"s":{"0":0,"1":0,"2":0,"3":0,"4":0,"5":0,"6":0},"f":{},"b":{}}
[...]
61,"column":5}},"13":{"start":{"line":56,"column":6},"end":{"line":60,"column":9}},"14":{"start":{"line":63,"column":32},"end":{"line":73,"column":6}},"15":{"start":{"line":75,"column":4},"end":{"line":75,"column":17}},"16":{"start":{"line":82,"column":4},"end":{"line":131,"column":5}},"17":{"start":{"line":83,"column":18},"end":{"line":83,"column":28}},"18":{"start":{"line":84,"column":29},"end":{"line":91,"column":null}},"19":{"start":{"line":94,"column":6},"end":{"line":94,"column":69}},"20":{"start":{"line":96,"column":6},"end":{"line":127,"column":7}},"21":{"start":{"line":97,"column":8},"end":{"line":126,"column":9}},"22":{"start":{"line":98,"column":10},"end":{"line":101,"column":11}},"23":{"start":{"line":99,"column":12},"end":{"line":99,"column":70}},"24":{"start":{"line":100,"column":12},"end":{"line":100,"column":21}},"25":{"start":{"line":103,"column":24},"end":{"line":103,"column":46}},"26":{"start":{"line":104,"column":28},"end":{"line":104,"column":96}},"27":{"start":{"line":106,"column":10},"end":{"line":113,"column":42}},"28":{"start":{"line":115,"column":10},"end":{"line":115,"column":67}},"29":{"start":{"line":117,"column":10},"end":{"line":117,"column":68}},"30":{"start":{"line":119,"column":10},"end":{"line":125,"column":42}},"31":{"start":{"line":129,"column":6},"end":{"line":129,"column":64}},"32":{"start":{"line":130,"column":6},"end":{"line":130,"column":18}},"33":{"start":{"line":25,"column":0},"end":{"line":25,"column":13}}},"fnMap":{"0":{"name":"(anonymous_0)","decl":{"start":{"line":26,"column":2},"end":{"line":26,"column":17}},"loc":{"start":{"line":26,"column":2},"end":{"line":26,"column":18}}},"1":{"name":"(anonymous_1)","decl":{"start":{"line":28,"column":10},"end":{"line":28,"column":21}},"loc":{"start":{"line":28,"column":31},"end":{"line":76,"column":3}}},"2":{"name":"(anonymous_2)","decl":{"start":{"line":81,"column":2},"end":{"line":81,"column":7}},"loc":{"start":{"line":81,"column":29},"end":{"line":132,"column":3}}}},"branchMap":{"0":{"loc":{"start":{"line":31,"column":4},"end":{"line":37,"column":5}},"type":"if","locations":[{"start":{"line":31,"column":4},"end":{"line":37,"column":5}}]},"1":{"loc":{"start":{"line":31,"column":8},"end":{"line":31,"column":33}},"type":"binary-expr","locations":[{"start":{"line":31,"column":8},"end":{"line":31,"column":19}},{"start":{"line":31,"column":23},"end":{"line":31,"column":33}}]},"2":{"loc":{"start":{"line":39,"column":4},"end":{"line":45,"column":5}},"type":"if","locations":[{"start":{"line":39,"column":4},"end":{"line":45,"column":5}}]},"3":{"loc":{"start":{"line":47,"column":4},"end":{"line":53,"column":5}},"type":"if","locations":[{"start":{"line":47,"column":4},"end":{"line":53,"column":5}}]},"4":{"loc":{"start":{"line":55,"column":4},"end":{"line":61,"column":5}},"type":"if","locations":[{"start":{"line":55,"column":4},"end":{"line":61,"column":5}}]},"5":{"loc":{"start":{"line":65,"column":19},"end":{"line":65,"column":41}},"type":"binary-expr","locations":[{"start":{"line":65,"column":19},"end":{"line":65,"column":35}},{"start":{"line":65,"column":39},"end":{"line":65,"column":41}}]},"6":{"loc":{"start":{"line":67,"column":17},"end":{"line":67,"column":67}},"type":"cond-expr","locations":[{"start":{"line":67,"column":33},"end":{"line":67,"column":55}},{"start":{"line":67,"column":58},"end":{"line":67,"column":67}}]},"7":{"loc":{"start":{"line":98,"column":10},"end":{"line":101,"column":11}},"type":"if","locations":[{"start":{"line":98,"column":10},"end":{"line":101,"column":11}}]},"8":{"loc":{"start":{"line":123,"column":21},"end":{"line":123,"column":77}},"type":"cond-expr","locations":[{"start":{"line":123,"column":46},"end":{"line":123,"column":59}},{"start":{"line":123,"column":62},"end":{"line":123,"column":77}}]}},"s":{"0":0,"1":0,"2":0,"3":0,"4":0,"5":0,"6":0,"7":0,"8":0,"9":0,"10":0,"11":0,"12":0,"13":0,"14":0,"15":0,"16":0,"17":0,"18":0,"19":0,"20":0,"21":0,"22":0,"23":0,"24":0,"25":0,"26":0,"27":0,"28":0,"29":0,"30":0,"31":0,"32":0,"33":0},"f":{"0":0,"1":0,"2":0},"b":{"0":[0],"1":[0,0],"2":[0],"3":[0],"4":[0],"5":[0,0],"6":[0,0],"7":[0],"8":[0,0]}}
,"/home/t/klposter/backend/src/services/scheduler.ts": {"path":"/home/t/klposter/backend/src/services/scheduler.ts","statementMap":{"0":{"start":{"line":105,"column":0},"end":{"line":105,"column":16}},"1":{"start":{"line":1,"column":0},"end":{"line":1,"column":29}},"2":{"start":{"line":2,"column":0},"end":{"line":2,"column":27}},"3":{"start":{"line":3,"column":0},"end":{"line":3,"column":37}},"4":{"start":{"line":4,"column":0},"end":{"line":4,"column":43}},"5":{"start":{"line":6,"column":0},"end":{"line":6,"column":41}},"6":{"start":{"line":7,"column":0},"end":{"line":7,"column":47}},"7":{"start":{"line":13,"column":2},"end":{"line":99,"column":3}},"8":{"start":{"line":15,"column":16},"end":{"line":15,"column":26}},"9":{"start":{"line":16,"column":27},"end":{"line":24,"column":12}},"10":{"start":{"line":26,"column":4},"end":{"line":26,"column":67}},"11":{"start":{"line":29,"column":4},"end":{"line":96,"column":5}},"12":{"start":{"line":30,"column":6},"end":{"line":95,"column":7}},"13":{"start":{"line":32,"column":26},"end":{"line":32,"column":76}},"14":{"start":{"line":35,"column":22},"end":{"line":49,"column":10}},"15":{"start":{"line":52,"column":8},"end":{"line":61,"column":9}},"16":{"start":{"line":53,"column":32},"end":{"line":56,"column":23}},"17":{"start":{"line":54,"column":28},"end":{"line":54,"column":65}},"18":{"start":{"line":55,"column":26},"end":{"line":55,"column":114}},"19":{"start":{"line":58,"column":10},"end":{"line":60,"column":11}},"20":{"start":{"line":59,"column":12},"end":{"line":59,"column":91}},"21":{"start":{"line":64,"column":22},"end":{"line":64,"column":24}},"22":{"start":{"line":65,"column":8},"end":{"line":65,"column":73}},"23":{"start":{"line":65,"column":29},"end":{"line":65,"column":73}},"24":{"start":{"line":66,"column":8},"end":{"line":66,"column":71}},"25":{"start":{"line":66,"column":28},"end":{"line":66,"column":71}},"26":{"start":{"line":67,"column":8},"end":{"line":69,"column":9}},"27":{"start":{"line":68,"column":10},"end":{"line":68,"column":88}},"28":{"start":{"line":72,"column":26},"end":{"line":72,"column":95}},"29":{"start":{"line":75,"column":8},"end":{"line":82,"column":40}},"30":{"start":{"line":84,"column":8},"end":{"line":84,"column":73}},"31":{"start":{"line":86,"column":8},"end":{"line":86,"column":66}},"32":{"start":{"line":89,"column":8},"end":{"line":94,"column":40}},"33":{"start":{"line":98,"column":4},"end":{"line":98,"column":61}},"34":{"start":{"line":106,"column":2},"end":{"line":109,"column":3}},"35":{"start":{"line":107,"column":4},"end":{"line":107,"column":41}},"36":{"start":{"line":108,"column":4},"end":{"line":108,"column":11}},"37":{"start":{"line":112,"column":15},"end":{"line":115,"column":4}},"38":{"start":{"line":113,"column":4},"end":{"line":113,"column":49}},"39":{"start":{"line":114,"column":4},"end":{"line":114,"column":34}},"40":{"start":{"line":117,"column":2},"end":{"line":117,"column":15}},"41":{"start":{"line":118,"column":2},"end":{"line":118,"column":44}},"42":{"start":{"line":120,"column":2},"end":{"line":120,"column":14}}},"fnMap":{"0":{"name":"processScheduledPosts","decl":{"start":{"line":12,"column":15},"end":{"line":12,"column":36}},"loc":{"start":{"line":12,"column":36},"end":{"line":100,"column":1}}},"1":{"name":"(anonymous_2)","decl":{"start":{"line":54,"column":18},"end":{"line":54,"column":19}},"loc":{"start":{"line":54,"column":28},"end":{"line":54,"column":65}}},"2":{"name":"(anonymous_3)","decl":{"start":{"line":55,"column":17},"end":{"line":55,"column":22}},"loc":{"start":{"line":55,"column":26},"end":{"line":55,"column":114}}},"3":{"name":"initScheduler","decl":{"start":{"line":105,"column":16},"end":{"line":105,"column":29}},"loc":{"start":{"line":105,"column":29},"end":{"line":121,"column":1}}},"4":{"name":"(anonymous_5)","decl":{"start":{"line":112,"column":42},"end":{"line":112,"column":47}},"loc":{"start":{"line":112,"column":53},"end":{"line":115,"column":3}}}},"branchMap":{"0":{"loc":{"start":{"line":32,"column":26},"end":{"line":32,"column":76}},"type":"cond-expr","locations":[{"start":{"line":32,"column":43},"end":{"line":32,"column":69}},{"start":{"line":32,"column":72},"end":{"line":32,"column":76}}]},"1":{"loc":{"start":{"line":37,"column":23},"end":{"line":37,"column":45}},"type":"binary-expr","locations":[{"start":{"line":37,"column":23},"end":{"line":37,"column":39}},{"start":{"line":37,"column":43},"end":{"line":37,"column":45}}]},"2":{"loc":{"start":{"line":41,"column":43},"end":{"line":41,"column":68}},"type":"binary-expr","locations":[{"start":{"line":41,"column":43},"end":{"line":41,"column":59}},{"start":{"line":41,"column":63},"end":{"line":41,"column":68}}]},"3":{"loc":{"start":{"line":43,"column":21},"end":{"line":43,"column":71}},"type":"cond-expr","locations":[{"start":{"line":43,"column":37},"end":{"line":43,"column":59}},{"start":{"line":43,"column":62},"end":{"line":43,"column":71}}]},"4":{"loc":{"start":{"line":52,"column":8},"end":{"line":61,"column":9}},"type":"if","locations":[{"start":{"line":52,"column":8},"end":{"line":61,"column":9}}]},"5":{"loc":{"start":{"line":52,"column":12},"end":{"line":52,"column":49}},"type":"binary-expr","locations":[{"start":{"line":52,"column":12},"end":{"line":52,"column":21}},{"start":{"line":52,"column":25},"end":{"line":52,"column":49}}]},"6":{"loc":{"start":{"line":54,"column":29},"end":{"line":54,"column":44}},"type":"binary-expr","locations":[{"start":{"line":54,"column":29},"end":{"line":54,"column":39}},{"start":{"line":54,"column":43},"end":{"line":54,"column":44}}]},"7":{"loc":{"start":{"line":54,"column":49},"end":{"line":54,"column":64}},"type":"binary-expr","locations":[{"start":{"line":54,"column":49},"end":{"line":54,"column":59}},{"start":{"line":54,"column":63},"end":{"line":54,"column":64}}]},"8":{"loc":{"start":{"line":55,"column":29},"end":{"line":55,"column":50}},"type":"binary-expr","locations":[{"start":{"line":55,"column":29},"end":{"line":55,"column":43}},{"start":{"line":55,"column":47},"end":{"line":55,"column":50}}]},"9":{"loc":{"start":{"line":55,"column":69},"end":{"line":55,"column":112}},"type":"cond-expr","locations":[{"start":{"line":55,"column":86},"end":{"line":55,"column":107}},{"start":{"line":55,"column":110},"end":{"line":55,"column":112}}]},"10":{"loc":{"start":{"line":58,"column":10},"end":{"line":60,"column":11}},"type":"if","locations":[{"start":{"line":58,"column":10},"end":{"line":60,"column":11}}]},"11":{"loc":{"start":{"line":65,"column":8},"end":{"line":65,"column":73}},"type":"if","locations":[{"start":{"line":65,"column":8},"end":{"line":65,"column":73}}]},"12":{"loc":{"start":{"line":66,"column":8},"end":{"line":66,"column":71}},"type":"if","locations":[{"start":{"line":66,"column":8},"end":{"line":66,"column":71}}]},"13":{"loc":{"start":{"line":67,"column":8},"end":{"line":69,"column":9}},"type":"if","locations":[{"start":{"line":67,"column":8},"end":{"line":69,"column":9}}]},"14":{"loc":{"start":{"line":106,"column":2},"end":{"line":109,"column":3}},"type":"if","locations":[{"start":{"line":106,"column":2},"end":{"line":109,"column":3}}]}},"s":{"0":0,"1":0,"2":0,"3":0,"4":0,"5":0,"6":0,"7":0,"8":0,"9":0,"10":0,"11":0,"12":0,"13":0,"14":0,"15":0,"16":0,"17":0,"18":0,"19":0,"20":0,"21":0,"22":0,"23":0,"24":0,"25":0,"26":0,"27":0,"28":0,"29":0,"30":0,"31":0,"32":0,"33":0,"34":0,"35":0,"36":0,"37":0,"38":0,"39":0,"40":0,"41":0,"42":0},"f":{"0":0,"1":0,"2":0,"3":0,"4":0},"b":{"0":[0,0],"1":[0,0],"2":[0,0],"3":[0,0],"4":[0],"5":[0,0],"6":[0,0],"7":[0,0],"8":[0,0],"9":[0,0],"10":[0],"11":[0],"12":[0],"13":[0],"14":[0]}}
,"/home/t/klposter/backend/src/services/spotify.service.ts": {"path":"/home/t/klposter/backend/src/services/spotify.service.ts","statementMap":{"0":{"start":{"line":1,"column":0},"end":{"line":1,"column":26}},"1":{"start":{"line":2,"column":0},"end":{"line":2,"column":41}},"2":{"start":{"line":34,"column":39},"end":{"line":34,"column":43}},"3":{"start":{"line":35,"column":32},"end":{"line":35,"column":33}},"4":{"start":{"line":38,"column":21},"end":{"line":38,"column":40}},"5":{"start":{"line":39,"column":21},"end":{"line":39,"column":44}},"6":{"start":{"line":43,"column":4},"end":{"line":45,"column":5}},"7":{"start":{"line":44,"column":6},"end":{"line":44,"column":30}},"8":{"start":{"line":47,"column":4},"end":{"line":65,"column":5}},"9":{"start":{"line":48,"column":23},"end":{"line":56,"column":null}},"10":{"start":{"line":59,"column":6},"end":{"line":59,"column":52}},"11":{"start":{"line":60,"column":6},"end":{"line":60,"column":50}},"12":{"start":{"line":61,"column":6},"end":{"line":61,"column":30}},"13":{"start":{"line":63,"column":6},"end":{"line":63,"column":65}},"14":{"start":{"line":64,"column":6},"end":{"line":64,"column":61}},"15":{"start":{"line":69,"column":4},"end":{"line":114,"column":5}},"16":{"start":{"line":70,"column":26},"end":{"line":70,"column":53}},"17":{"start":{"line":71,"column":29},"end":{"line":77,"column":null}},"18":{"start":{"line":80,"column":6},"end":{"line":82,"column":7}},"19":{"start":{"line":81,"column":8},"end":{"line":81,"column":20}},"20":{"start":{"line":84,"column":20},"end":{"line":84,"column":55}},"21":{"start":{"line":85,"column":22},"end":{"line":85,"column":66}},"22":{"start":{"line":87,"column":28},"end":{"line":93,"column":null}},"23":{"start":{"line":96,"column":24},"end":{"line":96,"column":42}},"24":{"start":{"line":97,"column":21},"end":{"line":101,"column":9}},"25":{"start":{"line":97,"column":60},"end":{"line":101,"column":8}},"26":{"start":{"line":103,"column":6},"end":{"line":110,"column":8}},"27":{"start":{"line":112,"column":6},"end":{"line":112,"column":70}},"28":{"start":{"line":113,"column":6},"end":{"line":113,"column":18}},"29":{"start":{"line":33,"column":0},"end":{"line":33,"column":13}}},"fnMap":{"0":{"name":"(anonymous_1)","decl":{"start":{"line":37,"column":2},"end":{"line":37,"column":null}},"loc":{"start":{"line":39,"column":83},"end":{"line":40,"column":6}}},"1":{"name":"(anonymous_2)","decl":{"start":{"line":42,"column":10},"end":{"line":42,"column":15}},"loc":{"start":{"line":42,"column":30},"end":{"line":66,"column":3}}},"2":{"name":"(anonymous_3)","decl":{"start":{"line":68,"column":9},"end":{"line":68,"column":14}},"loc":{"start":{"line":68,"column":41},"end":{"line":115,"column":3}}},"3":{"name":"(anonymous_4)","decl":{"start":{"line":97,"column":48},"end":{"line":97,"column":49}},"loc":{"start":{"line":97,"column":60},"end":{"line":101,"column":8}}}},"branchMap":{"0":{"loc":{"start":{"line":38,"column":21},"end":{"line":38,"column":75}},"type":"default-arg","locations":[{"start":{"line":38,"column":40},"end":{"line":38,"column":75}}]},"1":{"loc":{"start":{"line":38,"column":40},"end":{"line":38,"column":75}},"type":"binary-expr","locations":[{"start":{"line":38,"column":40},"end":{"line":38,"column":69}},{"start":{"line":38,"column":73},"end":{"line":38,"column":75}}]},"2":{"loc":{"start":{"line":39,"column":21},"end":{"line":39,"column":83}},"type":"default-arg","locations":[{"start":{"line":39,"column":44},"end":{"line":39,"column":83}}]},"3":{"loc":{"start":{"line":39,"column":44},"end":{"line":39,"column":83}},"type":"binary-expr","locations":[{"start":{"line":39,"column":44},"end":{"line":39,"column":77}},{"start":{"line":39,"column":81},"end":{"line":39,"column":83}}]},"4":{"loc":{"start":{"line":43,"column":4},"end":{"line":45,"column":5}},"type":"if","locations":[{"start":{"line":43,"column":4},"end":{"line":45,"column":5}}]},"5":{"loc":{"start":{"line":43,"column":8},"end":{"line":43,"column":57}},"type":"binary-expr","locations":[{"start":{"line":43,"column":8},"end":{"line":43,"column":24}},{"start":{"line":43,"column":28},"end":{"line":43,"column":57}}]},"6":{"loc":{"start":{"line":80,"column":6},"end":{"line":82,"column":7}},"type":"if","locations":[{"start":{"line":80,"column":6},"end":{"line":82,"column":7}}]}},"s":{"0":0,"1":0,"2":0,"3":0,"4":0,"5":0,"6":0,"7":0,"8":0,"9":0,"10":0,"11":0,"12":0,"13":0,"14":0,"15":0,"16":0,"17":0,"18":0,"19":0,"20":0,"21":0,"22":0,"23":0,"24":0,"25":0,"26":0,"27":0,"28":0,"29":0},"f":{"0":0,"1":0,"2":0,"3":0},"b":{"0":[0],"1":[0,0],"2":[0],"3":[0,0],"4":[0],"5":[0,0],"6":[0]}}
,"/home/t/klposter/backend/src/utils/formatters.ts": {"path":"/home/t/klposter/backend/src/utils/formatters.ts","statementMap":{"0":{"start":{"line":16,"column":0},"end":{"line":16,"column":16}},"1":{"start":{"line":7,"column":18},"end":{"line":7,"column":42}},"2":{"start":{"line":8,"column":27},"end":{"line":8,"column":39}},"3":{"start":{"line":9,"column":2},"end":{"line":9,"column":70}},"4":{"start":{"line":17,"column":26},"end":{"line":20,"column":4}},"5":{"start":{"line":18,"column":21},"end":{"line":18,"column":51}},"6":{"start":{"line":19,"column":4},"end":{"line":19,"column":61}},"7":{"start":{"line":22,"column":15},"end":{"line":22,"column":41}},"8":{"start":{"line":25,"column":2},"end":{"line":29,"column":3}},"9":{"start":{"line":26,"column":26},"end":{"line":26,"column":54}},"10":{"start":{"line":27,"column":22},"end":{"line":27,"column":40}},"11":{"start":{"line":28,"column":4},"end":{"line":28,"column":78}},"12":{"start":{"line":31,"column":2},"end":{"line":31,"column":16}}},"fnMap":{"0":{"name":"formatDuration","decl":{"start":{"line":6,"column":9},"end":{"line":6,"column":23}},"loc":{"start":{"line":6,"column":39},"end":{"line":10,"column":1}}},"1":{"name":"formatAlbumDetails","decl":{"start":{"line":16,"column":16},"end":{"line":16,"column":34}},"loc":{"start":{"line":16,"column":50},"end":{"line":32,"column":1}}},"2":{"name":"(anonymous_2)","decl":{"start":{"line":17,"column":37},"end":{"line":17,"column":42}},"loc":{"start":{"line":17,"column":45},"end":{"line":20,"column":3}}}},"branchMap":{"0":{"loc":{"start":{"line":25,"column":2},"end":{"line":29,"column":3}},"type":"if","locations":[{"start":{"line":25,"column":2},"end":{"line":29,"column":3}}]}},"s":{"0":0,"1":0,"2":0,"3":0,"4":0,"5":0,"6":0,"7":0,"8":0,"9":0,"10":0,"11":0,"12":0},"f":{"0":0,"1":0,"2":0},"b":{"0":[0]}}
,"/home/t/klposter/backend/src/utils/logger.ts": {"path":"/home/t/klposter/backend/src/utils/logger.ts","statementMap":{"0":{"start":{"line":1,"column":0},"end":{"line":1,"column":30}},"1":{"start":{"line":4,"column":15},"end":{"line":10,"column":2}},"2":{"start":{"line":13,"column":14},"end":{"line":17,"column":1}},"3":{"start":{"line":14,"column":14},"end":{"line":14,"column":51}},"4":{"start":{"line":15,"column":24},"end":{"line":15,"column":45}},"5":{"start":{"line":16,"column":2},"end":{"line":16,"column":42}},"6":{"start":{"line":20,"column":15},"end":{"line":26,"column":2}},"7":{"start":{"line":29,"column":0},"end":{"line":29,"column":26}},"8":{"start":{"line":32,"column":15},"end":{"line":37,"column":null}},"9":{"start":{"line":36,"column":14},"end":{"line":36,"column":64}},"10":{"start":{"line":41,"column":19},"end":{"line":48,"column":2}},"11":{"start":{"line":51,"column":13},"end":{"line":56,"column":3}}},"fnMap":{"0":{"name":"(anonymous_1)","decl":{"start":{"line":13,"column":14},"end":{"line":13,"column":17}},"loc":{"start":{"line":13,"column":19},"end":{"line":17,"column":1}}},"1":{"name":"(anonymous_2)","decl":{"start":{"line":36,"column":4},"end":{"line":36,"column":5}},"loc":{"start":{"line":36,"column":14},"end":{"line":36,"column":64}}}},"branchMap":{"0":{"loc":{"start":{"line":14,"column":14},"end":{"line":14,"column":51}},"type":"binary-expr","locations":[{"start":{"line":14,"column":14},"end":{"line":14,"column":34}},{"start":{"line":14,"column":38},"end":{"line":14,"column":51}}]},"1":{"loc":{"start":{"line":16,"column":9},"end":{"line":16,"column":41}},"type":"cond-expr","locations":[{"start":{"line":16,"column":25},"end":{"line":16,"column":32}},{"start":{"line":16,"column":35},"end":{"line":16,"column":41}}]}},"s":{"0":0,"1":0,"2":0,"3":0,"4":0,"5":0,"6":0,"7":0,"8":0,"9":0,"10":0,"11":0},"f":{"0":0,"1":0},"b":{"0":[0,0],"1":[0,0]}}
}
